2022-10-25 20:32:38,831 INFO o.a.j.u.JMeterUtils: Setting Locale to en_EN
2022-10-25 20:32:38,843 INFO o.a.j.JMeter: Loading user properties from: user.properties
2022-10-25 20:32:38,843 INFO o.a.j.JMeter: Loading system properties from: system.properties
2022-10-25 20:32:38,851 INFO o.a.j.JMeter: Copyright (c) 1998-2022 The Apache Software Foundation
2022-10-25 20:32:38,853 INFO o.a.j.JMeter: Version 5.5
2022-10-25 20:32:38,853 INFO o.a.j.JMeter: java.version=1.8.0_271
2022-10-25 20:32:38,853 INFO o.a.j.JMeter: java.vm.name=Java HotSpot(TM) 64-Bit Server VM
2022-10-25 20:32:38,853 INFO o.a.j.JMeter: os.name=Windows 10
2022-10-25 20:32:38,853 INFO o.a.j.JMeter: os.arch=amd64
2022-10-25 20:32:38,853 INFO o.a.j.JMeter: os.version=10.0
2022-10-25 20:32:38,853 INFO o.a.j.JMeter: file.encoding=Cp1252
2022-10-25 20:32:38,853 INFO o.a.j.JMeter: java.awt.headless=true
2022-10-25 20:32:38,853 INFO o.a.j.JMeter: Max memory     =1073741824
2022-10-25 20:32:38,853 INFO o.a.j.JMeter: Available Processors =8
2022-10-25 20:32:38,857 INFO o.a.j.JMeter: Default Locale=English (EN)
2022-10-25 20:32:38,858 INFO o.a.j.JMeter: JMeter  Locale=English (EN)
2022-10-25 20:32:38,858 INFO o.a.j.JMeter: JMeterHome=C:\LoadTest\apache-jmeter-5.5
2022-10-25 20:32:38,858 INFO o.a.j.JMeter: user.dir  =C:\LoadTest\apache-jmeter-5.5\bin
2022-10-25 20:32:38,858 INFO o.a.j.JMeter: PWD       =C:\LoadTest\apache-jmeter-5.5\bin
2022-10-25 20:32:38,863 INFO o.a.j.JMeter: IP: 192.168.29.212 Name: DESKTOP-PH870S7 FullName: DESKTOP-PH870S7
2022-10-25 20:32:38,887 INFO o.a.j.r.RmiUtils: Disabling SSL for RMI as server.rmi.ssl.disable is set to 'true'
2022-10-25 20:32:38,887 INFO o.a.j.r.RmiUtils: Disabling SSL for RMI as server.rmi.ssl.disable is set to 'true'
2022-10-25 20:32:39,052 INFO o.a.j.e.RemoteJMeterEngineImpl: Starting backing engine on 1099
2022-10-25 20:32:39,052 INFO o.a.j.r.RmiUtils: System property 'java.rmi.server.hostname' is not defined, using localHost address
2022-10-25 20:32:39,053 INFO o.a.j.r.RmiUtils: Local IP address=192.168.29.212
2022-10-25 20:32:39,053 INFO o.a.j.e.RemoteJMeterEngineImpl: IP address is a site-local address; this may cause problems with remote access.
	Can be overridden by defining the system property 'java.rmi.server.hostname' - see jmeter-server script file
2022-10-25 20:32:39,053 INFO o.a.j.e.RemoteJMeterEngineImpl: Creating RMI registry (server.rmi.create=true)
2022-10-25 20:32:39,053 INFO o.a.j.r.RmiUtils: Disabling SSL for RMI as server.rmi.ssl.disable is set to 'true'
2022-10-25 20:32:39,053 INFO o.a.j.r.RmiUtils: Disabling SSL for RMI as server.rmi.ssl.disable is set to 'true'
2022-10-25 20:32:39,057 INFO o.a.j.e.RemoteJMeterEngineImpl: Bound to RMI registry on port 1099
2022-10-25 20:33:18,726 INFO o.a.j.p.h.s.HTTPSamplerBase: Parser for text/html is org.apache.jmeter.protocol.http.parser.LagartoBasedHtmlParser
2022-10-25 20:33:18,727 INFO o.a.j.p.h.s.HTTPSamplerBase: Parser for application/xhtml+xml is org.apache.jmeter.protocol.http.parser.LagartoBasedHtmlParser
2022-10-25 20:33:18,727 INFO o.a.j.p.h.s.HTTPSamplerBase: Parser for application/xml is org.apache.jmeter.protocol.http.parser.LagartoBasedHtmlParser
2022-10-25 20:33:18,727 INFO o.a.j.p.h.s.HTTPSamplerBase: Parser for text/xml is org.apache.jmeter.protocol.http.parser.LagartoBasedHtmlParser
2022-10-25 20:33:18,727 INFO o.a.j.p.h.s.HTTPSamplerBase: Parser for text/vnd.wap.wml is org.apache.jmeter.protocol.http.parser.RegexpHTMLParser
2022-10-25 20:33:18,727 INFO o.a.j.p.h.s.HTTPSamplerBase: Parser for text/css is org.apache.jmeter.protocol.http.parser.CssParser
2022-10-25 20:33:18,757 INFO o.a.j.s.SampleEvent: List of sample_variables: []
2022-10-25 20:33:18,764 INFO o.a.j.s.BatchSampleSender: Using batching for this run. Thresholds: num=100, time=60000
2022-10-25 20:33:18,765 INFO o.a.j.s.DataStrippingSampleSender: Using DataStrippingSampleSender for this run with stripAlsoOnError: true
2022-10-25 20:33:18,770 INFO o.a.j.p.h.c.CacheManager: Will only cache the following methods: [GET]
2022-10-25 20:33:18,783 INFO o.a.j.p.h.c.CookieManager: Settings: Delete null: true Check: true Allow variable: true Save: false Prefix: COOKIE_
2022-10-25 20:33:18,832 INFO o.a.j.e.RemoteJMeterEngineImpl: Creating JMeter engine on host 192.168.29.212 base '.'
2022-10-25 20:33:18,832 INFO o.a.j.e.RemoteJMeterEngineImpl: Remote client host: 192.168.29.212
2022-10-25 20:33:18,840 INFO o.a.j.s.FileServer: Default base='C:\LoadTest\apache-jmeter-5.5\bin'
2022-10-25 20:33:18,842 INFO o.a.j.s.FileServer: Set new base='.'
2022-10-25 20:33:18,847 INFO o.a.j.e.StandardJMeterEngine: Applying properties {}
2022-10-25 20:33:18,849 INFO o.a.j.e.RemoteJMeterEngineImpl: Running test
2022-10-25 20:33:18,870 INFO o.a.j.e.StandardJMeterEngine: Running the test!
2022-10-25 20:33:18,872 INFO o.a.j.s.SampleEvent: List of sample_variables: []
2022-10-25 20:33:18,883 INFO o.a.j.e.u.CompoundVariable: Note: Function class names must contain the string: '.functions.'
2022-10-25 20:33:18,883 INFO o.a.j.e.u.CompoundVariable: Note: Function class names must not contain the string: '.gui.'
2022-10-25 20:33:19,800 INFO o.a.j.e.StandardJMeterEngine: Starting ThreadGroup: 1 : Thread Group
2022-10-25 20:33:19,801 INFO o.a.j.e.StandardJMeterEngine: Starting 1 threads for group Thread Group.
2022-10-25 20:33:19,801 INFO o.a.j.e.StandardJMeterEngine: Thread will continue on error
2022-10-25 20:33:19,801 INFO o.a.j.t.ThreadGroup: Starting thread group... number=1 threads=1 ramp-up=1 delayedStart=false
2022-10-25 20:33:19,812 INFO o.a.j.t.ThreadGroup: Started thread group number 1
2022-10-25 20:33:19,812 INFO o.a.j.e.StandardJMeterEngine: All thread groups have been started
2022-10-25 20:33:19,820 INFO o.a.j.s.SampleResult: Note: Sample TimeStamps are START times
2022-10-25 20:33:19,820 INFO o.a.j.s.SampleResult: sampleresult.default.encoding is set to ISO-8859-1
2022-10-25 20:33:19,820 INFO o.a.j.s.SampleResult: sampleresult.useNanoTime=true
2022-10-25 20:33:19,820 INFO o.a.j.s.SampleResult: sampleresult.nanoThreadSleep=5000
2022-10-25 20:33:19,822 INFO o.a.j.t.JMeterThread: Thread started: 192.168.29.212-Thread Group 1-1
2022-10-25 20:33:19,859 INFO o.a.j.p.h.s.HTTPHCAbstractImpl: Local host = DESKTOP-PH870S7
2022-10-25 20:33:19,875 INFO o.a.j.p.h.s.HTTPHC4Impl: HTTP request retry count = 0
2022-10-25 20:33:20,700 INFO o.a.j.p.h.s.h.LazyLayeredConnectionSocketFactory: Setting up HTTPS TrustAll Socket Factory
2022-10-25 20:33:20,715 INFO o.a.j.u.JsseSSLManager: Using default SSL protocol: TLS
2022-10-25 20:33:20,716 INFO o.a.j.u.JsseSSLManager: SSL session context: per-thread
2022-10-25 20:33:21,946 INFO o.a.j.u.SSLManager: JmeterKeyStore Location:  type JKS
2022-10-25 20:33:21,949 INFO o.a.j.u.SSLManager: KeyStore created OK
2022-10-25 20:33:21,950 WARN o.a.j.u.SSLManager: Keystore file not found, loading empty keystore
2022-10-25 20:33:24,134 INFO o.a.j.t.JMeterThread: Thread is done: 192.168.29.212-Thread Group 1-1
2022-10-25 20:33:24,134 INFO o.a.j.t.JMeterThread: Thread finished: 192.168.29.212-Thread Group 1-1
2022-10-25 20:33:24,139 INFO o.a.j.e.StandardJMeterEngine: Notifying test listeners of end of test
2022-10-25 20:33:24,139 INFO o.a.j.s.DataStrippingSampleSender: Test Ended on 192.168.29.212
2022-10-25 20:33:24,139 INFO o.a.j.s.BatchSampleSender: Test Ended on 192.168.29.212
2022-10-25 20:33:24,140 INFO o.a.j.e.StandardJMeterEngine: Test has ended on host 192.168.29.212 
