2022-10-25 21:44:20,008 INFO o.a.j.u.JMeterUtils: Setting Locale to en_IN
2022-10-25 21:44:20,025 INFO o.a.j.JMeter: Loading user properties from: user.properties
2022-10-25 21:44:20,027 INFO o.a.j.JMeter: Loading system properties from: system.properties
2022-10-25 21:44:20,042 INFO o.a.j.JMeter: Copyright (c) 1998-2022 The Apache Software Foundation
2022-10-25 21:44:20,042 INFO o.a.j.JMeter: Version 5.5
2022-10-25 21:44:20,042 INFO o.a.j.JMeter: java.version=1.8.0_271
2022-10-25 21:44:20,042 INFO o.a.j.JMeter: java.vm.name=Java HotSpot(TM) 64-Bit Server VM
2022-10-25 21:44:20,042 INFO o.a.j.JMeter: os.name=Windows 10
2022-10-25 21:44:20,042 INFO o.a.j.JMeter: os.arch=amd64
2022-10-25 21:44:20,042 INFO o.a.j.JMeter: os.version=10.0
2022-10-25 21:44:20,042 INFO o.a.j.JMeter: file.encoding=Cp1252
2022-10-25 21:44:20,042 INFO o.a.j.JMeter: java.awt.headless=null
2022-10-25 21:44:20,042 INFO o.a.j.JMeter: Max memory     =1847590912
2022-10-25 21:44:20,042 INFO o.a.j.JMeter: Available Processors =8
2022-10-25 21:44:20,053 INFO o.a.j.JMeter: Default Locale=English (India)
2022-10-25 21:44:20,054 INFO o.a.j.JMeter: JMeter  Locale=English (India)
2022-10-25 21:44:20,054 INFO o.a.j.JMeter: JMeterHome=C:\LoadTest\apache-jmeter-5.5
2022-10-25 21:44:20,054 INFO o.a.j.JMeter: user.dir  =C:\LoadTest\apache-jmeter-5.5\bin
2022-10-25 21:44:20,054 INFO o.a.j.JMeter: PWD       =C:\LoadTest\apache-jmeter-5.5\bin
2022-10-25 21:44:20,058 INFO o.a.j.JMeter: IP: 192.168.29.212 Name: DESKTOP-PH870S7 FullName: DESKTOP-PH870S7
2022-10-25 21:44:20,091 INFO o.a.j.JMeter: Loaded icon properties from org/apache/jmeter/images/icon.properties
2022-10-25 21:44:20,336 INFO o.a.j.JMeterGuiLauncher: Setting LAF to: laf:com.sun.java.swing.plaf.windows.WindowsLookAndFeel
2022-10-25 21:44:23,241 INFO o.j.r.JARSourceHTTP: Requesting https://jmeter-plugins.org/repo/?installID=windows_10-3d51dd3f44edb4f9be5c4e10b00e7ee5-gui
2022-10-25 21:44:24,386 INFO o.a.j.JMeterGuiLauncher: Loading file: C:\LoadTest\apache-jmeter-5.5\bin\HTTPRequest.jmx
2022-10-25 21:44:24,392 INFO o.a.j.s.FileServer: Default base='C:\LoadTest\apache-jmeter-5.5\bin'
2022-10-25 21:44:24,396 INFO o.a.j.s.FileServer: Set new base='C:\LoadTest\apache-jmeter-5.5\bin'
2022-10-25 21:44:24,667 INFO o.a.j.s.SaveService: Testplan (JMX) version: 2.2. Testlog (JTL) version: 2.2
2022-10-25 21:44:24,680 INFO o.a.j.s.SaveService: Using SaveService properties file encoding UTF-8
2022-10-25 21:44:24,682 INFO o.a.j.s.SaveService: Using SaveService properties version 5.0
2022-10-25 21:44:24,686 INFO o.a.j.s.SaveService: Loading file: C:\LoadTest\apache-jmeter-5.5\bin\HTTPRequest.jmx
2022-10-25 21:44:24,982 INFO o.a.j.p.h.s.HTTPSamplerBase: Parser for text/html is org.apache.jmeter.protocol.http.parser.LagartoBasedHtmlParser
2022-10-25 21:44:24,983 INFO o.a.j.p.h.s.HTTPSamplerBase: Parser for application/xhtml+xml is org.apache.jmeter.protocol.http.parser.LagartoBasedHtmlParser
2022-10-25 21:44:24,983 INFO o.a.j.p.h.s.HTTPSamplerBase: Parser for application/xml is org.apache.jmeter.protocol.http.parser.LagartoBasedHtmlParser
2022-10-25 21:44:24,983 INFO o.a.j.p.h.s.HTTPSamplerBase: Parser for text/xml is org.apache.jmeter.protocol.http.parser.LagartoBasedHtmlParser
2022-10-25 21:44:24,983 INFO o.a.j.p.h.s.HTTPSamplerBase: Parser for text/vnd.wap.wml is org.apache.jmeter.protocol.http.parser.RegexpHTMLParser
2022-10-25 21:44:24,983 INFO o.a.j.p.h.s.HTTPSamplerBase: Parser for text/css is org.apache.jmeter.protocol.http.parser.CssParser
2022-10-25 21:44:24,994 INFO o.a.j.s.SampleResult: Note: Sample TimeStamps are START times
2022-10-25 21:44:24,994 INFO o.a.j.s.SampleResult: sampleresult.default.encoding is set to ISO-8859-1
2022-10-25 21:44:24,995 INFO o.a.j.s.SampleResult: sampleresult.useNanoTime=true
2022-10-25 21:44:24,995 INFO o.a.j.s.SampleResult: sampleresult.nanoThreadSleep=5000
2022-10-25 21:44:25,526 INFO o.a.j.e.KeyToolUtils: keytool found at 'keytool'
2022-10-25 21:44:25,527 INFO o.a.j.p.h.p.ProxyControl: HTTP(S) Test Script Recorder SSL Proxy will use keys that support embedded 3rd party resources in file C:\LoadTest\apache-jmeter-5.5\bin\proxyserver.jks
2022-10-25 21:44:25,531 INFO o.a.j.p.h.c.CacheManager: Will only cache the following methods: [GET]
2022-10-25 21:44:25,534 INFO o.a.j.p.h.c.CookieManager: Settings: Delete null: true Check: true Allow variable: true Save: false Prefix: COOKIE_
2022-10-25 21:44:25,654 INFO o.a.j.s.FileServer: Set new base='C:\LoadTest\apache-jmeter-5.5\bin'
2022-10-25 21:44:27,930 INFO o.j.r.PluginManager: Plugins Status: [jmeter.backendlistener.azure=0.2.8, jpgc-casutg=2.10, jpgc-perfmon=2.1, jpgc-plugins-manager=1.8, jmeter-core=5.5, jmeter-ftp=5.5, jmeter-http=5.5, jmeter-jdbc=5.5, jmeter-jms=5.5, jmeter-junit=5.5, jmeter-java=5.5, jmeter-ldap=5.5, jmeter-mail=5.5, jmeter-mongodb=5.5, jmeter-native=5.5, jmeter-tcp=5.5, jmeter-components=5.5]
2022-10-25 21:45:01,675 INFO o.a.j.e.StandardJMeterEngine: Running the test!
2022-10-25 21:45:01,676 INFO o.a.j.s.SampleEvent: List of sample_variables: []
2022-10-25 21:45:01,676 INFO o.a.j.s.SampleEvent: List of sample_variables: []
2022-10-25 21:45:01,678 INFO o.a.j.e.u.CompoundVariable: Note: Function class names must contain the string: '.functions.'
2022-10-25 21:45:01,678 INFO o.a.j.e.u.CompoundVariable: Note: Function class names must not contain the string: '.gui.'
2022-10-25 21:45:01,942 INFO k.a.j.p.PerfMonCollector: PerfMon metrics will be stored in C:\Users\hemam\AppData\Local\Temp\perfmon_5637477408203627012.jtl
2022-10-25 21:45:01,955 INFO o.a.j.g.u.JMeterMenuBar: setRunning(true, *local*)
2022-10-25 21:45:02,109 INFO o.a.j.e.StandardJMeterEngine: Starting ThreadGroup: 1 : Thread Group
2022-10-25 21:45:02,109 INFO o.a.j.e.StandardJMeterEngine: Starting 1 threads for group Thread Group.
2022-10-25 21:45:02,109 INFO o.a.j.e.StandardJMeterEngine: Thread will continue on error
2022-10-25 21:45:02,110 INFO o.a.j.t.ThreadGroup: Starting thread group... number=1 threads=1 ramp-up=1 delayedStart=false
2022-10-25 21:45:02,113 INFO o.a.j.t.ThreadGroup: Started thread group number 1
2022-10-25 21:45:02,113 INFO o.a.j.e.StandardJMeterEngine: All thread groups have been started
2022-10-25 21:45:02,115 INFO o.a.j.t.JMeterThread: Thread started: Thread Group 1-1
2022-10-25 21:45:02,123 INFO o.a.j.p.h.s.HTTPHCAbstractImpl: Local host = DESKTOP-PH870S7
2022-10-25 21:45:02,127 INFO o.a.j.p.h.s.HTTPHC4Impl: HTTP request retry count = 0
2022-10-25 21:45:02,428 INFO o.a.j.p.h.s.h.LazyLayeredConnectionSocketFactory: Setting up HTTPS TrustAll Socket Factory
2022-10-25 21:45:02,430 INFO o.a.j.u.JsseSSLManager: Using default SSL protocol: TLS
2022-10-25 21:45:02,430 INFO o.a.j.u.JsseSSLManager: SSL session context: per-thread
2022-10-25 21:45:02,483 INFO o.a.j.u.SSLManager: JmeterKeyStore Location:  type JKS
2022-10-25 21:45:02,484 INFO o.a.j.u.SSLManager: KeyStore created OK
2022-10-25 21:45:02,484 WARN o.a.j.u.SSLManager: Keystore file not found, loading empty keystore
2022-10-25 21:45:05,522 INFO o.a.j.t.JMeterThread: Thread is done: Thread Group 1-1
2022-10-25 21:45:05,522 INFO o.a.j.t.JMeterThread: Thread finished: Thread Group 1-1
2022-10-25 21:45:05,523 INFO o.a.j.e.StandardJMeterEngine: Notifying test listeners of end of test
2022-10-25 21:45:05,525 INFO o.a.j.g.u.JMeterMenuBar: setRunning(false, *local*)
2022-10-25 21:45:51,758 INFO o.a.j.e.StandardJMeterEngine: Running the test!
2022-10-25 21:45:51,758 INFO o.a.j.s.SampleEvent: List of sample_variables: []
2022-10-25 21:45:51,764 INFO k.a.j.p.PerfMonCollector: PerfMon metrics will be stored in C:\Users\hemam\AppData\Local\Temp\perfmon_6762335895110467912.jtl
2022-10-25 21:45:53,808 INFO k.a.j.p.PerfMonCollector: Can't connect TCP transport for host: localhost/127.0.0.1:8181
java.net.ConnectException: Connection refused: connect
	at java.net.DualStackPlainSocketImpl.connect0(Native Method) ~[?:1.8.0_271]
	at java.net.DualStackPlainSocketImpl.socketConnect(Unknown Source) ~[?:1.8.0_271]
	at java.net.AbstractPlainSocketImpl.doConnect(Unknown Source) ~[?:1.8.0_271]
	at java.net.AbstractPlainSocketImpl.connectToAddress(Unknown Source) ~[?:1.8.0_271]
	at java.net.AbstractPlainSocketImpl.connect(Unknown Source) ~[?:1.8.0_271]
	at java.net.PlainSocketImpl.connect(Unknown Source) ~[?:1.8.0_271]
	at java.net.SocksSocketImpl.connect(Unknown Source) ~[?:1.8.0_271]
	at java.net.Socket.connect(Unknown Source) ~[?:1.8.0_271]
	at java.net.Socket.connect(Unknown Source) ~[?:1.8.0_271]
	at kg.apc.perfmon.client.TransportFactory.TCPInstance(TransportFactory.java:91) ~[perfmon-2.2.2.jar:?]
	at kg.apc.jmeter.perfmon.PerfMonCollector.getConnector(PerfMonCollector.java:243) ~[jmeter-plugins-perfmon-2.1.jar:?]
	at kg.apc.jmeter.perfmon.PerfMonCollector.initiateConnector(PerfMonCollector.java:228) ~[jmeter-plugins-perfmon-2.1.jar:?]
	at kg.apc.jmeter.perfmon.PerfMonCollector.initiateConnectors(PerfMonCollector.java:175) ~[jmeter-plugins-perfmon-2.1.jar:?]
	at kg.apc.jmeter.perfmon.PerfMonCollector.testStarted(PerfMonCollector.java:126) ~[jmeter-plugins-perfmon-2.1.jar:?]
	at org.apache.jmeter.reporters.ResultCollector.testStarted(ResultCollector.java:350) ~[ApacheJMeter_core.jar:5.5]
	at kg.apc.jmeter.vizualizers.CorrectedResultCollector.testStarted(CorrectedResultCollector.java:28) ~[jmeter-plugins-cmn-jmeter-0.7.jar:?]
	at org.apache.jmeter.engine.StandardJMeterEngine.notifyTestListenersOfStart(StandardJMeterEngine.java:218) ~[ApacheJMeter_core.jar:5.5]
	at org.apache.jmeter.engine.StandardJMeterEngine.run(StandardJMeterEngine.java:396) ~[ApacheJMeter_core.jar:5.5]
	at java.lang.Thread.run(Unknown Source) ~[?:1.8.0_271]
2022-10-25 21:45:53,819 ERROR k.a.j.p.PerfMonCollector: Problems creating connector
java.net.ConnectException: Connection refused: connect
	at java.net.DualStackPlainSocketImpl.connect0(Native Method) ~[?:1.8.0_271]
	at java.net.DualStackPlainSocketImpl.socketConnect(Unknown Source) ~[?:1.8.0_271]
	at java.net.AbstractPlainSocketImpl.doConnect(Unknown Source) ~[?:1.8.0_271]
	at java.net.AbstractPlainSocketImpl.connectToAddress(Unknown Source) ~[?:1.8.0_271]
	at java.net.AbstractPlainSocketImpl.connect(Unknown Source) ~[?:1.8.0_271]
	at java.net.PlainSocketImpl.connect(Unknown Source) ~[?:1.8.0_271]
	at java.net.SocksSocketImpl.connect(Unknown Source) ~[?:1.8.0_271]
	at java.net.Socket.connect(Unknown Source) ~[?:1.8.0_271]
	at java.net.Socket.connect(Unknown Source) ~[?:1.8.0_271]
	at kg.apc.perfmon.client.TransportFactory.TCPInstance(TransportFactory.java:91) ~[perfmon-2.2.2.jar:?]
	at kg.apc.jmeter.perfmon.PerfMonCollector.getConnector(PerfMonCollector.java:243) ~[jmeter-plugins-perfmon-2.1.jar:?]
	at kg.apc.jmeter.perfmon.PerfMonCollector.initiateConnector(PerfMonCollector.java:228) ~[jmeter-plugins-perfmon-2.1.jar:?]
	at kg.apc.jmeter.perfmon.PerfMonCollector.initiateConnectors(PerfMonCollector.java:175) ~[jmeter-plugins-perfmon-2.1.jar:?]
	at kg.apc.jmeter.perfmon.PerfMonCollector.testStarted(PerfMonCollector.java:126) ~[jmeter-plugins-perfmon-2.1.jar:?]
	at org.apache.jmeter.reporters.ResultCollector.testStarted(ResultCollector.java:350) ~[ApacheJMeter_core.jar:5.5]
	at kg.apc.jmeter.vizualizers.CorrectedResultCollector.testStarted(CorrectedResultCollector.java:28) ~[jmeter-plugins-cmn-jmeter-0.7.jar:?]
	at org.apache.jmeter.engine.StandardJMeterEngine.notifyTestListenersOfStart(StandardJMeterEngine.java:218) ~[ApacheJMeter_core.jar:5.5]
	at org.apache.jmeter.engine.StandardJMeterEngine.run(StandardJMeterEngine.java:396) ~[ApacheJMeter_core.jar:5.5]
	at java.lang.Thread.run(Unknown Source) ~[?:1.8.0_271]
2022-10-25 21:45:55,858 INFO k.a.j.p.PerfMonCollector: Can't connect TCP transport for host: localhost/127.0.0.1:8181
java.net.ConnectException: Connection refused: connect
	at java.net.DualStackPlainSocketImpl.connect0(Native Method) ~[?:1.8.0_271]
	at java.net.DualStackPlainSocketImpl.socketConnect(Unknown Source) ~[?:1.8.0_271]
	at java.net.AbstractPlainSocketImpl.doConnect(Unknown Source) ~[?:1.8.0_271]
	at java.net.AbstractPlainSocketImpl.connectToAddress(Unknown Source) ~[?:1.8.0_271]
	at java.net.AbstractPlainSocketImpl.connect(Unknown Source) ~[?:1.8.0_271]
	at java.net.PlainSocketImpl.connect(Unknown Source) ~[?:1.8.0_271]
	at java.net.SocksSocketImpl.connect(Unknown Source) ~[?:1.8.0_271]
	at java.net.Socket.connect(Unknown Source) ~[?:1.8.0_271]
	at java.net.Socket.connect(Unknown Source) ~[?:1.8.0_271]
	at kg.apc.perfmon.client.TransportFactory.TCPInstance(TransportFactory.java:91) ~[perfmon-2.2.2.jar:?]
	at kg.apc.jmeter.perfmon.PerfMonCollector.getConnector(PerfMonCollector.java:243) ~[jmeter-plugins-perfmon-2.1.jar:?]
	at kg.apc.jmeter.perfmon.PerfMonCollector.initiateConnector(PerfMonCollector.java:228) ~[jmeter-plugins-perfmon-2.1.jar:?]
	at kg.apc.jmeter.perfmon.PerfMonCollector.initiateConnectors(PerfMonCollector.java:175) ~[jmeter-plugins-perfmon-2.1.jar:?]
	at kg.apc.jmeter.perfmon.PerfMonCollector.testStarted(PerfMonCollector.java:126) ~[jmeter-plugins-perfmon-2.1.jar:?]
	at org.apache.jmeter.reporters.ResultCollector.testStarted(ResultCollector.java:350) ~[ApacheJMeter_core.jar:5.5]
	at kg.apc.jmeter.vizualizers.CorrectedResultCollector.testStarted(CorrectedResultCollector.java:28) ~[jmeter-plugins-cmn-jmeter-0.7.jar:?]
	at org.apache.jmeter.engine.StandardJMeterEngine.notifyTestListenersOfStart(StandardJMeterEngine.java:218) ~[ApacheJMeter_core.jar:5.5]
	at org.apache.jmeter.engine.StandardJMeterEngine.run(StandardJMeterEngine.java:396) ~[ApacheJMeter_core.jar:5.5]
	at java.lang.Thread.run(Unknown Source) ~[?:1.8.0_271]
2022-10-25 21:45:55,859 ERROR k.a.j.p.PerfMonCollector: Problems creating connector
java.net.ConnectException: Connection refused: connect
	at java.net.DualStackPlainSocketImpl.connect0(Native Method) ~[?:1.8.0_271]
	at java.net.DualStackPlainSocketImpl.socketConnect(Unknown Source) ~[?:1.8.0_271]
	at java.net.AbstractPlainSocketImpl.doConnect(Unknown Source) ~[?:1.8.0_271]
	at java.net.AbstractPlainSocketImpl.connectToAddress(Unknown Source) ~[?:1.8.0_271]
	at java.net.AbstractPlainSocketImpl.connect(Unknown Source) ~[?:1.8.0_271]
	at java.net.PlainSocketImpl.connect(Unknown Source) ~[?:1.8.0_271]
	at java.net.SocksSocketImpl.connect(Unknown Source) ~[?:1.8.0_271]
	at java.net.Socket.connect(Unknown Source) ~[?:1.8.0_271]
	at java.net.Socket.connect(Unknown Source) ~[?:1.8.0_271]
	at kg.apc.perfmon.client.TransportFactory.TCPInstance(TransportFactory.java:91) ~[perfmon-2.2.2.jar:?]
	at kg.apc.jmeter.perfmon.PerfMonCollector.getConnector(PerfMonCollector.java:243) ~[jmeter-plugins-perfmon-2.1.jar:?]
	at kg.apc.jmeter.perfmon.PerfMonCollector.initiateConnector(PerfMonCollector.java:228) ~[jmeter-plugins-perfmon-2.1.jar:?]
	at kg.apc.jmeter.perfmon.PerfMonCollector.initiateConnectors(PerfMonCollector.java:175) ~[jmeter-plugins-perfmon-2.1.jar:?]
	at kg.apc.jmeter.perfmon.PerfMonCollector.testStarted(PerfMonCollector.java:126) ~[jmeter-plugins-perfmon-2.1.jar:?]
	at org.apache.jmeter.reporters.ResultCollector.testStarted(ResultCollector.java:350) ~[ApacheJMeter_core.jar:5.5]
	at kg.apc.jmeter.vizualizers.CorrectedResultCollector.testStarted(CorrectedResultCollector.java:28) ~[jmeter-plugins-cmn-jmeter-0.7.jar:?]
	at org.apache.jmeter.engine.StandardJMeterEngine.notifyTestListenersOfStart(StandardJMeterEngine.java:218) ~[ApacheJMeter_core.jar:5.5]
	at org.apache.jmeter.engine.StandardJMeterEngine.run(StandardJMeterEngine.java:396) ~[ApacheJMeter_core.jar:5.5]
	at java.lang.Thread.run(Unknown Source) ~[?:1.8.0_271]
2022-10-25 21:45:55,864 INFO o.a.j.g.u.JMeterMenuBar: setRunning(true, *local*)
2022-10-25 21:45:56,023 INFO o.a.j.e.StandardJMeterEngine: Starting ThreadGroup: 1 : Thread Group
2022-10-25 21:45:56,023 INFO o.a.j.e.StandardJMeterEngine: Starting 1 threads for group Thread Group.
2022-10-25 21:45:56,023 INFO o.a.j.e.StandardJMeterEngine: Thread will continue on error
2022-10-25 21:45:56,023 INFO o.a.j.t.ThreadGroup: Starting thread group... number=1 threads=1 ramp-up=1 delayedStart=false
2022-10-25 21:45:56,024 INFO o.a.j.t.ThreadGroup: Started thread group number 1
2022-10-25 21:45:56,024 INFO o.a.j.e.StandardJMeterEngine: All thread groups have been started
2022-10-25 21:45:56,026 INFO o.a.j.t.JMeterThread: Thread started: Thread Group 1-1
2022-10-25 21:45:56,051 ERROR k.a.j.p.PerfMonCollector: Perfmon plugin error: java.net.ConnectException: Connection refused: connect
2022-10-25 21:45:56,053 ERROR k.a.j.p.PerfMonCollector: Perfmon plugin error: java.net.ConnectException: Connection refused: connect
2022-10-25 21:45:57,065 ERROR k.a.j.p.PerfMonCollector: Perfmon plugin error: java.net.ConnectException: Connection refused: connect
2022-10-25 21:45:57,070 ERROR k.a.j.p.PerfMonCollector: Perfmon plugin error: java.net.ConnectException: Connection refused: connect
2022-10-25 21:45:58,089 ERROR k.a.j.p.PerfMonCollector: Perfmon plugin error: java.net.ConnectException: Connection refused: connect
2022-10-25 21:45:58,095 ERROR k.a.j.p.PerfMonCollector: Perfmon plugin error: java.net.ConnectException: Connection refused: connect
2022-10-25 21:45:59,110 ERROR k.a.j.p.PerfMonCollector: Perfmon plugin error: java.net.ConnectException: Connection refused: connect
2022-10-25 21:45:59,115 ERROR k.a.j.p.PerfMonCollector: Perfmon plugin error: java.net.ConnectException: Connection refused: connect
2022-10-25 21:45:59,371 INFO o.a.j.t.JMeterThread: Thread is done: Thread Group 1-1
2022-10-25 21:45:59,371 INFO o.a.j.t.JMeterThread: Thread finished: Thread Group 1-1
2022-10-25 21:45:59,371 INFO o.a.j.e.StandardJMeterEngine: Notifying test listeners of end of test
2022-10-25 21:45:59,372 INFO o.a.j.g.u.JMeterMenuBar: setRunning(false, *local*)
2022-10-25 21:47:33,350 INFO o.a.j.e.StandardJMeterEngine: Running the test!
2022-10-25 21:47:33,351 INFO o.a.j.s.SampleEvent: List of sample_variables: []
2022-10-25 21:47:33,361 INFO k.a.j.p.PerfMonCollector: PerfMon metrics will be stored in C:\Users\hemam\AppData\Local\Temp\perfmon_8249457094423478965.jtl
2022-10-25 21:47:35,403 INFO k.a.j.p.PerfMonCollector: Can't connect TCP transport for host: localhost/127.0.0.1:8181
java.net.ConnectException: Connection refused: connect
	at java.net.DualStackPlainSocketImpl.connect0(Native Method) ~[?:1.8.0_271]
	at java.net.DualStackPlainSocketImpl.socketConnect(Unknown Source) ~[?:1.8.0_271]
	at java.net.AbstractPlainSocketImpl.doConnect(Unknown Source) ~[?:1.8.0_271]
	at java.net.AbstractPlainSocketImpl.connectToAddress(Unknown Source) ~[?:1.8.0_271]
	at java.net.AbstractPlainSocketImpl.connect(Unknown Source) ~[?:1.8.0_271]
	at java.net.PlainSocketImpl.connect(Unknown Source) ~[?:1.8.0_271]
	at java.net.SocksSocketImpl.connect(Unknown Source) ~[?:1.8.0_271]
	at java.net.Socket.connect(Unknown Source) ~[?:1.8.0_271]
	at java.net.Socket.connect(Unknown Source) ~[?:1.8.0_271]
	at kg.apc.perfmon.client.TransportFactory.TCPInstance(TransportFactory.java:91) ~[perfmon-2.2.2.jar:?]
	at kg.apc.jmeter.perfmon.PerfMonCollector.getConnector(PerfMonCollector.java:243) ~[jmeter-plugins-perfmon-2.1.jar:?]
	at kg.apc.jmeter.perfmon.PerfMonCollector.initiateConnector(PerfMonCollector.java:228) ~[jmeter-plugins-perfmon-2.1.jar:?]
	at kg.apc.jmeter.perfmon.PerfMonCollector.initiateConnectors(PerfMonCollector.java:175) ~[jmeter-plugins-perfmon-2.1.jar:?]
	at kg.apc.jmeter.perfmon.PerfMonCollector.testStarted(PerfMonCollector.java:126) ~[jmeter-plugins-perfmon-2.1.jar:?]
	at org.apache.jmeter.reporters.ResultCollector.testStarted(ResultCollector.java:350) ~[ApacheJMeter_core.jar:5.5]
	at kg.apc.jmeter.vizualizers.CorrectedResultCollector.testStarted(CorrectedResultCollector.java:28) ~[jmeter-plugins-cmn-jmeter-0.7.jar:?]
	at org.apache.jmeter.engine.StandardJMeterEngine.notifyTestListenersOfStart(StandardJMeterEngine.java:218) ~[ApacheJMeter_core.jar:5.5]
	at org.apache.jmeter.engine.StandardJMeterEngine.run(StandardJMeterEngine.java:396) ~[ApacheJMeter_core.jar:5.5]
	at java.lang.Thread.run(Unknown Source) ~[?:1.8.0_271]
2022-10-25 21:47:35,404 ERROR k.a.j.p.PerfMonCollector: Problems creating connector
java.net.ConnectException: Connection refused: connect
	at java.net.DualStackPlainSocketImpl.connect0(Native Method) ~[?:1.8.0_271]
	at java.net.DualStackPlainSocketImpl.socketConnect(Unknown Source) ~[?:1.8.0_271]
	at java.net.AbstractPlainSocketImpl.doConnect(Unknown Source) ~[?:1.8.0_271]
	at java.net.AbstractPlainSocketImpl.connectToAddress(Unknown Source) ~[?:1.8.0_271]
	at java.net.AbstractPlainSocketImpl.connect(Unknown Source) ~[?:1.8.0_271]
	at java.net.PlainSocketImpl.connect(Unknown Source) ~[?:1.8.0_271]
	at java.net.SocksSocketImpl.connect(Unknown Source) ~[?:1.8.0_271]
	at java.net.Socket.connect(Unknown Source) ~[?:1.8.0_271]
	at java.net.Socket.connect(Unknown Source) ~[?:1.8.0_271]
	at kg.apc.perfmon.client.TransportFactory.TCPInstance(TransportFactory.java:91) ~[perfmon-2.2.2.jar:?]
	at kg.apc.jmeter.perfmon.PerfMonCollector.getConnector(PerfMonCollector.java:243) ~[jmeter-plugins-perfmon-2.1.jar:?]
	at kg.apc.jmeter.perfmon.PerfMonCollector.initiateConnector(PerfMonCollector.java:228) ~[jmeter-plugins-perfmon-2.1.jar:?]
	at kg.apc.jmeter.perfmon.PerfMonCollector.initiateConnectors(PerfMonCollector.java:175) ~[jmeter-plugins-perfmon-2.1.jar:?]
	at kg.apc.jmeter.perfmon.PerfMonCollector.testStarted(PerfMonCollector.java:126) ~[jmeter-plugins-perfmon-2.1.jar:?]
	at org.apache.jmeter.reporters.ResultCollector.testStarted(ResultCollector.java:350) ~[ApacheJMeter_core.jar:5.5]
	at kg.apc.jmeter.vizualizers.CorrectedResultCollector.testStarted(CorrectedResultCollector.java:28) ~[jmeter-plugins-cmn-jmeter-0.7.jar:?]
	at org.apache.jmeter.engine.StandardJMeterEngine.notifyTestListenersOfStart(StandardJMeterEngine.java:218) ~[ApacheJMeter_core.jar:5.5]
	at org.apache.jmeter.engine.StandardJMeterEngine.run(StandardJMeterEngine.java:396) ~[ApacheJMeter_core.jar:5.5]
	at java.lang.Thread.run(Unknown Source) ~[?:1.8.0_271]
2022-10-25 21:47:37,435 INFO k.a.j.p.PerfMonCollector: Can't connect TCP transport for host: localhost/127.0.0.1:8181
java.net.ConnectException: Connection refused: connect
	at java.net.DualStackPlainSocketImpl.connect0(Native Method) ~[?:1.8.0_271]
	at java.net.DualStackPlainSocketImpl.socketConnect(Unknown Source) ~[?:1.8.0_271]
	at java.net.AbstractPlainSocketImpl.doConnect(Unknown Source) ~[?:1.8.0_271]
	at java.net.AbstractPlainSocketImpl.connectToAddress(Unknown Source) ~[?:1.8.0_271]
	at java.net.AbstractPlainSocketImpl.connect(Unknown Source) ~[?:1.8.0_271]
	at java.net.PlainSocketImpl.connect(Unknown Source) ~[?:1.8.0_271]
	at java.net.SocksSocketImpl.connect(Unknown Source) ~[?:1.8.0_271]
	at java.net.Socket.connect(Unknown Source) ~[?:1.8.0_271]
	at java.net.Socket.connect(Unknown Source) ~[?:1.8.0_271]
	at kg.apc.perfmon.client.TransportFactory.TCPInstance(TransportFactory.java:91) ~[perfmon-2.2.2.jar:?]
	at kg.apc.jmeter.perfmon.PerfMonCollector.getConnector(PerfMonCollector.java:243) ~[jmeter-plugins-perfmon-2.1.jar:?]
	at kg.apc.jmeter.perfmon.PerfMonCollector.initiateConnector(PerfMonCollector.java:228) ~[jmeter-plugins-perfmon-2.1.jar:?]
	at kg.apc.jmeter.perfmon.PerfMonCollector.initiateConnectors(PerfMonCollector.java:175) ~[jmeter-plugins-perfmon-2.1.jar:?]
	at kg.apc.jmeter.perfmon.PerfMonCollector.testStarted(PerfMonCollector.java:126) ~[jmeter-plugins-perfmon-2.1.jar:?]
	at org.apache.jmeter.reporters.ResultCollector.testStarted(ResultCollector.java:350) ~[ApacheJMeter_core.jar:5.5]
	at kg.apc.jmeter.vizualizers.CorrectedResultCollector.testStarted(CorrectedResultCollector.java:28) ~[jmeter-plugins-cmn-jmeter-0.7.jar:?]
	at org.apache.jmeter.engine.StandardJMeterEngine.notifyTestListenersOfStart(StandardJMeterEngine.java:218) ~[ApacheJMeter_core.jar:5.5]
	at org.apache.jmeter.engine.StandardJMeterEngine.run(StandardJMeterEngine.java:396) ~[ApacheJMeter_core.jar:5.5]
	at java.lang.Thread.run(Unknown Source) ~[?:1.8.0_271]
2022-10-25 21:47:37,436 ERROR k.a.j.p.PerfMonCollector: Problems creating connector
java.net.ConnectException: Connection refused: connect
	at java.net.DualStackPlainSocketImpl.connect0(Native Method) ~[?:1.8.0_271]
	at java.net.DualStackPlainSocketImpl.socketConnect(Unknown Source) ~[?:1.8.0_271]
	at java.net.AbstractPlainSocketImpl.doConnect(Unknown Source) ~[?:1.8.0_271]
	at java.net.AbstractPlainSocketImpl.connectToAddress(Unknown Source) ~[?:1.8.0_271]
	at java.net.AbstractPlainSocketImpl.connect(Unknown Source) ~[?:1.8.0_271]
	at java.net.PlainSocketImpl.connect(Unknown Source) ~[?:1.8.0_271]
	at java.net.SocksSocketImpl.connect(Unknown Source) ~[?:1.8.0_271]
	at java.net.Socket.connect(Unknown Source) ~[?:1.8.0_271]
	at java.net.Socket.connect(Unknown Source) ~[?:1.8.0_271]
	at kg.apc.perfmon.client.TransportFactory.TCPInstance(TransportFactory.java:91) ~[perfmon-2.2.2.jar:?]
	at kg.apc.jmeter.perfmon.PerfMonCollector.getConnector(PerfMonCollector.java:243) ~[jmeter-plugins-perfmon-2.1.jar:?]
	at kg.apc.jmeter.perfmon.PerfMonCollector.initiateConnector(PerfMonCollector.java:228) ~[jmeter-plugins-perfmon-2.1.jar:?]
	at kg.apc.jmeter.perfmon.PerfMonCollector.initiateConnectors(PerfMonCollector.java:175) ~[jmeter-plugins-perfmon-2.1.jar:?]
	at kg.apc.jmeter.perfmon.PerfMonCollector.testStarted(PerfMonCollector.java:126) ~[jmeter-plugins-perfmon-2.1.jar:?]
	at org.apache.jmeter.reporters.ResultCollector.testStarted(ResultCollector.java:350) ~[ApacheJMeter_core.jar:5.5]
	at kg.apc.jmeter.vizualizers.CorrectedResultCollector.testStarted(CorrectedResultCollector.java:28) ~[jmeter-plugins-cmn-jmeter-0.7.jar:?]
	at org.apache.jmeter.engine.StandardJMeterEngine.notifyTestListenersOfStart(StandardJMeterEngine.java:218) ~[ApacheJMeter_core.jar:5.5]
	at org.apache.jmeter.engine.StandardJMeterEngine.run(StandardJMeterEngine.java:396) ~[ApacheJMeter_core.jar:5.5]
	at java.lang.Thread.run(Unknown Source) ~[?:1.8.0_271]
2022-10-25 21:47:37,447 INFO o.a.j.v.b.BackendListener: Backend Listener: Starting worker with class: class io.github.adrianmo.jmeter.backendlistener.azure.AzureBackendClient and queue capacity: 5000
2022-10-25 21:47:37,448 ERROR k.a.j.p.PerfMonCollector: Perfmon plugin error: java.net.ConnectException: Connection refused: connect
2022-10-25 21:47:37,449 INFO o.a.j.v.b.BackendListener: Backend Listener: Started  worker with class: class io.github.adrianmo.jmeter.backendlistener.azure.AzureBackendClient
2022-10-25 21:47:37,453 ERROR k.a.j.p.PerfMonCollector: Perfmon plugin error: java.net.ConnectException: Connection refused: connect
2022-10-25 21:47:37,507 ERROR o.a.j.JMeter: Uncaught exception in thread Thread[StandardJMeterEngine,6,main]
java.lang.IllegalStateException: Failed calling setupTest
	at org.apache.jmeter.visualizers.backend.BackendListener.testStarted(BackendListener.java:327) ~[ApacheJMeter_components.jar:5.5]
	at org.apache.jmeter.visualizers.backend.BackendListener.testStarted(BackendListener.java:280) ~[ApacheJMeter_components.jar:5.5]
	at org.apache.jmeter.engine.StandardJMeterEngine.notifyTestListenersOfStart(StandardJMeterEngine.java:218) ~[ApacheJMeter_core.jar:5.5]
	at org.apache.jmeter.engine.StandardJMeterEngine.run(StandardJMeterEngine.java:396) ~[ApacheJMeter_core.jar:5.5]
	at java.lang.Thread.run(Unknown Source) ~[?:1.8.0_271]
Caused by: java.lang.IllegalArgumentException: Invalid connection string
	at com.microsoft.applicationinsights.TelemetryConfiguration.setConnectionString(TelemetryConfiguration.java:237) ~[jmeter.backendlistener.azure-0.2.8.jar:?]
	at io.github.adrianmo.jmeter.backendlistener.azure.AzureBackendClient.setupTest(AzureBackendClient.java:161) ~[jmeter.backendlistener.azure-0.2.8.jar:?]
	at org.apache.jmeter.visualizers.backend.BackendListener.testStarted(BackendListener.java:325) ~[ApacheJMeter_components.jar:5.5]
	... 4 more
Caused by: com.microsoft.applicationinsights.internal.config.connection.InvalidConnectionStringException: Could not parse connection string.
	at com.microsoft.applicationinsights.internal.config.connection.ConnectionString.parseInto(ConnectionString.java:32) ~[jmeter.backendlistener.azure-0.2.8.jar:?]
	at com.microsoft.applicationinsights.TelemetryConfiguration.setConnectionString(TelemetryConfiguration.java:235) ~[jmeter.backendlistener.azure-0.2.8.jar:?]
	at io.github.adrianmo.jmeter.backendlistener.azure.AzureBackendClient.setupTest(AzureBackendClient.java:161) ~[jmeter.backendlistener.azure-0.2.8.jar:?]
	at org.apache.jmeter.visualizers.backend.BackendListener.testStarted(BackendListener.java:325) ~[ApacheJMeter_components.jar:5.5]
	... 4 more
2022-10-25 21:47:38,464 ERROR k.a.j.p.PerfMonCollector: Perfmon plugin error: java.net.ConnectException: Connection refused: connect
2022-10-25 21:47:38,469 ERROR k.a.j.p.PerfMonCollector: Perfmon plugin error: java.net.ConnectException: Connection refused: connect
2022-10-25 21:47:39,485 ERROR k.a.j.p.PerfMonCollector: Perfmon plugin error: java.net.ConnectException: Connection refused: connect
2022-10-25 21:47:39,493 ERROR k.a.j.p.PerfMonCollector: Perfmon plugin error: java.net.ConnectException: Connection refused: connect
2022-10-25 21:47:40,508 ERROR k.a.j.p.PerfMonCollector: Perfmon plugin error: java.net.ConnectException: Connection refused: connect
2022-10-25 21:47:40,514 ERROR k.a.j.p.PerfMonCollector: Perfmon plugin error: java.net.ConnectException: Connection refused: connect
2022-10-25 21:47:41,532 ERROR k.a.j.p.PerfMonCollector: Perfmon plugin error: java.net.ConnectException: Connection refused: connect
2022-10-25 21:47:41,560 ERROR k.a.j.p.PerfMonCollector: Perfmon plugin error: java.net.ConnectException: Connection refused: connect
2022-10-25 21:47:42,579 ERROR k.a.j.p.PerfMonCollector: Perfmon plugin error: java.net.ConnectException: Connection refused: connect
2022-10-25 21:47:42,586 ERROR k.a.j.p.PerfMonCollector: Perfmon plugin error: java.net.ConnectException: Connection refused: connect
2022-10-25 21:47:43,610 ERROR k.a.j.p.PerfMonCollector: Perfmon plugin error: java.net.ConnectException: Connection refused: connect
2022-10-25 21:47:43,616 ERROR k.a.j.p.PerfMonCollector: Perfmon plugin error: java.net.ConnectException: Connection refused: connect
2022-10-25 21:47:44,636 ERROR k.a.j.p.PerfMonCollector: Perfmon plugin error: java.net.ConnectException: Connection refused: connect
2022-10-25 21:47:44,653 ERROR k.a.j.p.PerfMonCollector: Perfmon plugin error: java.net.ConnectException: Connection refused: connect
2022-10-25 21:47:45,668 ERROR k.a.j.p.PerfMonCollector: Perfmon plugin error: java.net.ConnectException: Connection refused: connect
2022-10-25 21:47:45,678 ERROR k.a.j.p.PerfMonCollector: Perfmon plugin error: java.net.ConnectException: Connection refused: connect
2022-10-25 21:47:46,693 ERROR k.a.j.p.PerfMonCollector: Perfmon plugin error: java.net.ConnectException: Connection refused: connect
2022-10-25 21:47:46,697 ERROR k.a.j.p.PerfMonCollector: Perfmon plugin error: java.net.ConnectException: Connection refused: connect
2022-10-25 21:47:47,713 ERROR k.a.j.p.PerfMonCollector: Perfmon plugin error: java.net.ConnectException: Connection refused: connect
2022-10-25 21:47:47,717 ERROR k.a.j.p.PerfMonCollector: Perfmon plugin error: java.net.ConnectException: Connection refused: connect
2022-10-25 21:47:48,731 ERROR k.a.j.p.PerfMonCollector: Perfmon plugin error: java.net.ConnectException: Connection refused: connect
2022-10-25 21:47:48,740 ERROR k.a.j.p.PerfMonCollector: Perfmon plugin error: java.net.ConnectException: Connection refused: connect
2022-10-25 21:47:49,766 ERROR k.a.j.p.PerfMonCollector: Perfmon plugin error: java.net.ConnectException: Connection refused: connect
2022-10-25 21:47:49,786 ERROR k.a.j.p.PerfMonCollector: Perfmon plugin error: java.net.ConnectException: Connection refused: connect
2022-10-25 21:47:50,814 ERROR k.a.j.p.PerfMonCollector: Perfmon plugin error: java.net.ConnectException: Connection refused: connect
2022-10-25 21:47:50,837 ERROR k.a.j.p.PerfMonCollector: Perfmon plugin error: java.net.ConnectException: Connection refused: connect
2022-10-25 21:47:51,867 ERROR k.a.j.p.PerfMonCollector: Perfmon plugin error: java.net.ConnectException: Connection refused: connect
2022-10-25 21:47:51,885 ERROR k.a.j.p.PerfMonCollector: Perfmon plugin error: java.net.ConnectException: Connection refused: connect
2022-10-25 21:47:52,919 ERROR k.a.j.p.PerfMonCollector: Perfmon plugin error: java.net.ConnectException: Connection refused: connect
2022-10-25 21:47:52,941 ERROR k.a.j.p.PerfMonCollector: Perfmon plugin error: java.net.ConnectException: Connection refused: connect
2022-10-25 21:47:53,975 ERROR k.a.j.p.PerfMonCollector: Perfmon plugin error: java.net.ConnectException: Connection refused: connect
2022-10-25 21:47:53,996 ERROR k.a.j.p.PerfMonCollector: Perfmon plugin error: java.net.ConnectException: Connection refused: connect
2022-10-25 21:47:55,021 ERROR k.a.j.p.PerfMonCollector: Perfmon plugin error: java.net.ConnectException: Connection refused: connect
2022-10-25 21:47:55,040 ERROR k.a.j.p.PerfMonCollector: Perfmon plugin error: java.net.ConnectException: Connection refused: connect
2022-10-25 21:47:56,077 ERROR k.a.j.p.PerfMonCollector: Perfmon plugin error: java.net.ConnectException: Connection refused: connect
2022-10-25 21:47:56,099 ERROR k.a.j.p.PerfMonCollector: Perfmon plugin error: java.net.ConnectException: Connection refused: connect
2022-10-25 21:47:57,127 ERROR k.a.j.p.PerfMonCollector: Perfmon plugin error: java.net.ConnectException: Connection refused: connect
2022-10-25 21:47:57,155 ERROR k.a.j.p.PerfMonCollector: Perfmon plugin error: java.net.ConnectException: Connection refused: connect
2022-10-25 21:47:58,192 ERROR k.a.j.p.PerfMonCollector: Perfmon plugin error: java.net.ConnectException: Connection refused: connect
2022-10-25 21:47:58,216 ERROR k.a.j.p.PerfMonCollector: Perfmon plugin error: java.net.ConnectException: Connection refused: connect
2022-10-25 21:47:59,245 ERROR k.a.j.p.PerfMonCollector: Perfmon plugin error: java.net.ConnectException: Connection refused: connect
2022-10-25 21:47:59,270 ERROR k.a.j.p.PerfMonCollector: Perfmon plugin error: java.net.ConnectException: Connection refused: connect
2022-10-25 21:48:00,302 ERROR k.a.j.p.PerfMonCollector: Perfmon plugin error: java.net.ConnectException: Connection refused: connect
2022-10-25 21:48:00,329 ERROR k.a.j.p.PerfMonCollector: Perfmon plugin error: java.net.ConnectException: Connection refused: connect
2022-10-25 21:48:01,363 ERROR k.a.j.p.PerfMonCollector: Perfmon plugin error: java.net.ConnectException: Connection refused: connect
2022-10-25 21:48:01,392 ERROR k.a.j.p.PerfMonCollector: Perfmon plugin error: java.net.ConnectException: Connection refused: connect
2022-10-25 21:48:02,432 ERROR k.a.j.p.PerfMonCollector: Perfmon plugin error: java.net.ConnectException: Connection refused: connect
2022-10-25 21:48:02,464 ERROR k.a.j.p.PerfMonCollector: Perfmon plugin error: java.net.ConnectException: Connection refused: connect
2022-10-25 21:48:03,505 ERROR k.a.j.p.PerfMonCollector: Perfmon plugin error: java.net.ConnectException: Connection refused: connect
2022-10-25 21:48:03,535 ERROR k.a.j.p.PerfMonCollector: Perfmon plugin error: java.net.ConnectException: Connection refused: connect
2022-10-25 21:48:04,585 ERROR k.a.j.p.PerfMonCollector: Perfmon plugin error: java.net.ConnectException: Connection refused: connect
2022-10-25 21:48:04,614 ERROR k.a.j.p.PerfMonCollector: Perfmon plugin error: java.net.ConnectException: Connection refused: connect
2022-10-25 21:48:05,644 ERROR k.a.j.p.PerfMonCollector: Perfmon plugin error: java.net.ConnectException: Connection refused: connect
2022-10-25 21:48:05,673 ERROR k.a.j.p.PerfMonCollector: Perfmon plugin error: java.net.ConnectException: Connection refused: connect
2022-10-25 21:48:06,710 ERROR k.a.j.p.PerfMonCollector: Perfmon plugin error: java.net.ConnectException: Connection refused: connect
2022-10-25 21:48:06,742 ERROR k.a.j.p.PerfMonCollector: Perfmon plugin error: java.net.ConnectException: Connection refused: connect
2022-10-25 21:48:07,778 ERROR k.a.j.p.PerfMonCollector: Perfmon plugin error: java.net.ConnectException: Connection refused: connect
2022-10-25 21:48:07,810 ERROR k.a.j.p.PerfMonCollector: Perfmon plugin error: java.net.ConnectException: Connection refused: connect
2022-10-25 21:48:08,850 ERROR k.a.j.p.PerfMonCollector: Perfmon plugin error: java.net.ConnectException: Connection refused: connect
2022-10-25 21:48:08,883 ERROR k.a.j.p.PerfMonCollector: Perfmon plugin error: java.net.ConnectException: Connection refused: connect
2022-10-25 21:48:09,921 ERROR k.a.j.p.PerfMonCollector: Perfmon plugin error: java.net.ConnectException: Connection refused: connect
2022-10-25 21:48:09,953 ERROR k.a.j.p.PerfMonCollector: Perfmon plugin error: java.net.ConnectException: Connection refused: connect
2022-10-25 21:48:11,003 ERROR k.a.j.p.PerfMonCollector: Perfmon plugin error: java.net.ConnectException: Connection refused: connect
2022-10-25 21:48:11,039 ERROR k.a.j.p.PerfMonCollector: Perfmon plugin error: java.net.ConnectException: Connection refused: connect
2022-10-25 21:48:12,085 ERROR k.a.j.p.PerfMonCollector: Perfmon plugin error: java.net.ConnectException: Connection refused: connect
2022-10-25 21:48:12,120 ERROR k.a.j.p.PerfMonCollector: Perfmon plugin error: java.net.ConnectException: Connection refused: connect
2022-10-25 21:48:13,165 ERROR k.a.j.p.PerfMonCollector: Perfmon plugin error: java.net.ConnectException: Connection refused: connect
2022-10-25 21:48:13,202 ERROR k.a.j.p.PerfMonCollector: Perfmon plugin error: java.net.ConnectException: Connection refused: connect
2022-10-25 21:48:14,249 ERROR k.a.j.p.PerfMonCollector: Perfmon plugin error: java.net.ConnectException: Connection refused: connect
2022-10-25 21:48:14,288 ERROR k.a.j.p.PerfMonCollector: Perfmon plugin error: java.net.ConnectException: Connection refused: connect
2022-10-25 21:48:15,335 ERROR k.a.j.p.PerfMonCollector: Perfmon plugin error: java.net.ConnectException: Connection refused: connect
2022-10-25 21:48:15,374 ERROR k.a.j.p.PerfMonCollector: Perfmon plugin error: java.net.ConnectException: Connection refused: connect
2022-10-25 21:48:16,432 ERROR k.a.j.p.PerfMonCollector: Perfmon plugin error: java.net.ConnectException: Connection refused: connect
2022-10-25 21:48:16,472 ERROR k.a.j.p.PerfMonCollector: Perfmon plugin error: java.net.ConnectException: Connection refused: connect
2022-10-25 21:48:17,523 ERROR k.a.j.p.PerfMonCollector: Perfmon plugin error: java.net.ConnectException: Connection refused: connect
2022-10-25 21:48:17,565 ERROR k.a.j.p.PerfMonCollector: Perfmon plugin error: java.net.ConnectException: Connection refused: connect
2022-10-25 21:48:18,609 ERROR k.a.j.p.PerfMonCollector: Perfmon plugin error: java.net.ConnectException: Connection refused: connect
2022-10-25 21:48:18,648 ERROR k.a.j.p.PerfMonCollector: Perfmon plugin error: java.net.ConnectException: Connection refused: connect
2022-10-25 21:48:19,703 ERROR k.a.j.p.PerfMonCollector: Perfmon plugin error: java.net.ConnectException: Connection refused: connect
2022-10-25 21:48:19,750 ERROR k.a.j.p.PerfMonCollector: Perfmon plugin error: java.net.ConnectException: Connection refused: connect
2022-10-25 21:48:20,796 ERROR k.a.j.p.PerfMonCollector: Perfmon plugin error: java.net.ConnectException: Connection refused: connect
2022-10-25 21:48:20,841 ERROR k.a.j.p.PerfMonCollector: Perfmon plugin error: java.net.ConnectException: Connection refused: connect
2022-10-25 21:48:21,896 ERROR k.a.j.p.PerfMonCollector: Perfmon plugin error: java.net.ConnectException: Connection refused: connect
2022-10-25 21:48:21,938 ERROR k.a.j.p.PerfMonCollector: Perfmon plugin error: java.net.ConnectException: Connection refused: connect
2022-10-25 21:48:22,997 ERROR k.a.j.p.PerfMonCollector: Perfmon plugin error: java.net.ConnectException: Connection refused: connect
2022-10-25 21:48:23,040 ERROR k.a.j.p.PerfMonCollector: Perfmon plugin error: java.net.ConnectException: Connection refused: connect
2022-10-25 21:48:24,096 ERROR k.a.j.p.PerfMonCollector: Perfmon plugin error: java.net.ConnectException: Connection refused: connect
2022-10-25 21:48:24,147 ERROR k.a.j.p.PerfMonCollector: Perfmon plugin error: java.net.ConnectException: Connection refused: connect
2022-10-25 21:48:25,202 ERROR k.a.j.p.PerfMonCollector: Perfmon plugin error: java.net.ConnectException: Connection refused: connect
2022-10-25 21:48:25,255 ERROR k.a.j.p.PerfMonCollector: Perfmon plugin error: java.net.ConnectException: Connection refused: connect
2022-10-25 21:48:26,346 ERROR k.a.j.p.PerfMonCollector: Perfmon plugin error: java.net.ConnectException: Connection refused: connect
2022-10-25 21:48:26,396 ERROR k.a.j.p.PerfMonCollector: Perfmon plugin error: java.net.ConnectException: Connection refused: connect
2022-10-25 21:48:27,458 ERROR k.a.j.p.PerfMonCollector: Perfmon plugin error: java.net.ConnectException: Connection refused: connect
2022-10-25 21:48:27,521 ERROR k.a.j.p.PerfMonCollector: Perfmon plugin error: java.net.ConnectException: Connection refused: connect
2022-10-25 21:48:28,568 ERROR k.a.j.p.PerfMonCollector: Perfmon plugin error: java.net.ConnectException: Connection refused: connect
2022-10-25 21:48:28,618 ERROR k.a.j.p.PerfMonCollector: Perfmon plugin error: java.net.ConnectException: Connection refused: connect
2022-10-25 21:48:29,669 ERROR k.a.j.p.PerfMonCollector: Perfmon plugin error: java.net.ConnectException: Connection refused: connect
2022-10-25 21:48:29,732 ERROR k.a.j.p.PerfMonCollector: Perfmon plugin error: java.net.ConnectException: Connection refused: connect
2022-10-25 21:48:30,784 ERROR k.a.j.p.PerfMonCollector: Perfmon plugin error: java.net.ConnectException: Connection refused: connect
2022-10-25 21:48:30,838 ERROR k.a.j.p.PerfMonCollector: Perfmon plugin error: java.net.ConnectException: Connection refused: connect
2022-10-25 21:48:31,899 ERROR k.a.j.p.PerfMonCollector: Perfmon plugin error: java.net.ConnectException: Connection refused: connect
2022-10-25 21:48:31,948 ERROR k.a.j.p.PerfMonCollector: Perfmon plugin error: java.net.ConnectException: Connection refused: connect
2022-10-25 21:48:33,022 ERROR k.a.j.p.PerfMonCollector: Perfmon plugin error: java.net.ConnectException: Connection refused: connect
2022-10-25 21:48:33,073 ERROR k.a.j.p.PerfMonCollector: Perfmon plugin error: java.net.ConnectException: Connection refused: connect
2022-10-25 21:48:34,132 ERROR k.a.j.p.PerfMonCollector: Perfmon plugin error: java.net.ConnectException: Connection refused: connect
2022-10-25 21:48:34,187 ERROR k.a.j.p.PerfMonCollector: Perfmon plugin error: java.net.ConnectException: Connection refused: connect
2022-10-25 21:48:35,264 ERROR k.a.j.p.PerfMonCollector: Perfmon plugin error: java.net.ConnectException: Connection refused: connect
2022-10-25 21:48:35,324 ERROR k.a.j.p.PerfMonCollector: Perfmon plugin error: java.net.ConnectException: Connection refused: connect
2022-10-25 21:48:36,387 ERROR k.a.j.p.PerfMonCollector: Perfmon plugin error: java.net.ConnectException: Connection refused: connect
2022-10-25 21:48:36,443 ERROR k.a.j.p.PerfMonCollector: Perfmon plugin error: java.net.ConnectException: Connection refused: connect
2022-10-25 21:48:37,508 ERROR k.a.j.p.PerfMonCollector: Perfmon plugin error: java.net.ConnectException: Connection refused: connect
2022-10-25 21:48:37,561 ERROR k.a.j.p.PerfMonCollector: Perfmon plugin error: java.net.ConnectException: Connection refused: connect
2022-10-25 21:48:38,621 ERROR k.a.j.p.PerfMonCollector: Perfmon plugin error: java.net.ConnectException: Connection refused: connect
2022-10-25 21:48:38,677 ERROR k.a.j.p.PerfMonCollector: Perfmon plugin error: java.net.ConnectException: Connection refused: connect
2022-10-25 21:48:39,741 ERROR k.a.j.p.PerfMonCollector: Perfmon plugin error: java.net.ConnectException: Connection refused: connect
2022-10-25 21:48:39,802 ERROR k.a.j.p.PerfMonCollector: Perfmon plugin error: java.net.ConnectException: Connection refused: connect
2022-10-25 21:48:40,861 ERROR k.a.j.p.PerfMonCollector: Perfmon plugin error: java.net.ConnectException: Connection refused: connect
2022-10-25 21:48:40,916 ERROR k.a.j.p.PerfMonCollector: Perfmon plugin error: java.net.ConnectException: Connection refused: connect
2022-10-25 21:48:41,984 ERROR k.a.j.p.PerfMonCollector: Perfmon plugin error: java.net.ConnectException: Connection refused: connect
2022-10-25 21:48:42,050 ERROR k.a.j.p.PerfMonCollector: Perfmon plugin error: java.net.ConnectException: Connection refused: connect
2022-10-25 21:48:43,118 ERROR k.a.j.p.PerfMonCollector: Perfmon plugin error: java.net.ConnectException: Connection refused: connect
2022-10-25 21:48:43,173 ERROR k.a.j.p.PerfMonCollector: Perfmon plugin error: java.net.ConnectException: Connection refused: connect
2022-10-25 21:48:44,233 ERROR k.a.j.p.PerfMonCollector: Perfmon plugin error: java.net.ConnectException: Connection refused: connect
2022-10-25 21:48:44,288 ERROR k.a.j.p.PerfMonCollector: Perfmon plugin error: java.net.ConnectException: Connection refused: connect
2022-10-25 21:48:45,354 ERROR k.a.j.p.PerfMonCollector: Perfmon plugin error: java.net.ConnectException: Connection refused: connect
2022-10-25 21:48:45,406 ERROR k.a.j.p.PerfMonCollector: Perfmon plugin error: java.net.ConnectException: Connection refused: connect
2022-10-25 21:48:46,470 ERROR k.a.j.p.PerfMonCollector: Perfmon plugin error: java.net.ConnectException: Connection refused: connect
2022-10-25 21:48:46,510 ERROR o.a.j.JMeter: Uncaught exception in thread Thread[Thread-14,6,main]
java.lang.NullPointerException: null
	at javax.swing.text.PlainView.calculateLongestLine(Unknown Source) ~[?:1.8.0_271]
	at javax.swing.text.PlainView.updateDamage(Unknown Source) ~[?:1.8.0_271]
	at javax.swing.text.PlainView.insertUpdate(Unknown Source) ~[?:1.8.0_271]
	at javax.swing.plaf.basic.BasicTextUI$RootView.insertUpdate(Unknown Source) ~[?:1.8.0_271]
	at javax.swing.plaf.basic.BasicTextUI$UpdateHandler.insertUpdate(Unknown Source) ~[?:1.8.0_271]
	at javax.swing.text.AbstractDocument.fireInsertUpdate(Unknown Source) ~[?:1.8.0_271]
	at javax.swing.text.AbstractDocument.handleInsertString(Unknown Source) ~[?:1.8.0_271]
	at javax.swing.text.AbstractDocument.insertString(Unknown Source) ~[?:1.8.0_271]
	at javax.swing.text.PlainDocument.insertString(Unknown Source) ~[?:1.8.0_271]
	at javax.swing.text.AbstractDocument.replace(Unknown Source) ~[?:1.8.0_271]
	at javax.swing.text.JTextComponent.setText(Unknown Source) ~[?:1.8.0_271]
	at kg.apc.jmeter.vizualizers.PerfMonGui.addErrorMessage(PerfMonGui.java:136) ~[jmeter-plugins-perfmon-2.1.jar:?]
	at kg.apc.jmeter.vizualizers.PerfMonGui.add(PerfMonGui.java:275) ~[jmeter-plugins-perfmon-2.1.jar:?]
	at org.apache.jmeter.reporters.ResultCollector.sendToVisualizer(ResultCollector.java:569) ~[ApacheJMeter_core.jar:5.5]
	at org.apache.jmeter.reporters.ResultCollector.sampleOccurred(ResultCollector.java:546) ~[ApacheJMeter_core.jar:5.5]
	at kg.apc.jmeter.perfmon.PerfMonCollector.generateErrorSample(PerfMonCollector.java:316) ~[jmeter-plugins-perfmon-2.1.jar:?]
	at kg.apc.jmeter.perfmon.UnavailableAgentConnector.generateSamples(UnavailableAgentConnector.java:40) ~[jmeter-plugins-perfmon-2.1.jar:?]
	at kg.apc.jmeter.perfmon.PerfMonCollector.processConnectors(PerfMonCollector.java:289) ~[jmeter-plugins-perfmon-2.1.jar:?]
	at kg.apc.jmeter.perfmon.PerfMonCollector.run(PerfMonCollector.java:79) ~[jmeter-plugins-perfmon-2.1.jar:?]
	at java.lang.Thread.run(Unknown Source) ~[?:1.8.0_271]
2022-10-25 21:50:09,635 INFO o.a.j.e.StandardJMeterEngine: Running the test!
2022-10-25 21:50:09,635 INFO o.a.j.s.SampleEvent: List of sample_variables: []
2022-10-25 21:50:09,640 INFO k.a.j.p.PerfMonCollector: PerfMon metrics will be stored in C:\Users\hemam\AppData\Local\Temp\perfmon_6880889312988714316.jtl
2022-10-25 21:50:11,688 INFO k.a.j.p.PerfMonCollector: Can't connect TCP transport for host: localhost/127.0.0.1:8181
java.net.ConnectException: Connection refused: connect
	at java.net.DualStackPlainSocketImpl.connect0(Native Method) ~[?:1.8.0_271]
	at java.net.DualStackPlainSocketImpl.socketConnect(Unknown Source) ~[?:1.8.0_271]
	at java.net.AbstractPlainSocketImpl.doConnect(Unknown Source) ~[?:1.8.0_271]
	at java.net.AbstractPlainSocketImpl.connectToAddress(Unknown Source) ~[?:1.8.0_271]
	at java.net.AbstractPlainSocketImpl.connect(Unknown Source) ~[?:1.8.0_271]
	at java.net.PlainSocketImpl.connect(Unknown Source) ~[?:1.8.0_271]
	at java.net.SocksSocketImpl.connect(Unknown Source) ~[?:1.8.0_271]
	at java.net.Socket.connect(Unknown Source) ~[?:1.8.0_271]
	at java.net.Socket.connect(Unknown Source) ~[?:1.8.0_271]
	at kg.apc.perfmon.client.TransportFactory.TCPInstance(TransportFactory.java:91) ~[perfmon-2.2.2.jar:?]
	at kg.apc.jmeter.perfmon.PerfMonCollector.getConnector(PerfMonCollector.java:243) ~[jmeter-plugins-perfmon-2.1.jar:?]
	at kg.apc.jmeter.perfmon.PerfMonCollector.initiateConnector(PerfMonCollector.java:228) ~[jmeter-plugins-perfmon-2.1.jar:?]
	at kg.apc.jmeter.perfmon.PerfMonCollector.initiateConnectors(PerfMonCollector.java:175) ~[jmeter-plugins-perfmon-2.1.jar:?]
	at kg.apc.jmeter.perfmon.PerfMonCollector.testStarted(PerfMonCollector.java:126) ~[jmeter-plugins-perfmon-2.1.jar:?]
	at org.apache.jmeter.reporters.ResultCollector.testStarted(ResultCollector.java:350) ~[ApacheJMeter_core.jar:5.5]
	at kg.apc.jmeter.vizualizers.CorrectedResultCollector.testStarted(CorrectedResultCollector.java:28) ~[jmeter-plugins-cmn-jmeter-0.7.jar:?]
	at org.apache.jmeter.engine.StandardJMeterEngine.notifyTestListenersOfStart(StandardJMeterEngine.java:218) ~[ApacheJMeter_core.jar:5.5]
	at org.apache.jmeter.engine.StandardJMeterEngine.run(StandardJMeterEngine.java:396) ~[ApacheJMeter_core.jar:5.5]
	at java.lang.Thread.run(Unknown Source) ~[?:1.8.0_271]
2022-10-25 21:50:11,689 ERROR k.a.j.p.PerfMonCollector: Problems creating connector
java.net.ConnectException: Connection refused: connect
	at java.net.DualStackPlainSocketImpl.connect0(Native Method) ~[?:1.8.0_271]
	at java.net.DualStackPlainSocketImpl.socketConnect(Unknown Source) ~[?:1.8.0_271]
	at java.net.AbstractPlainSocketImpl.doConnect(Unknown Source) ~[?:1.8.0_271]
	at java.net.AbstractPlainSocketImpl.connectToAddress(Unknown Source) ~[?:1.8.0_271]
	at java.net.AbstractPlainSocketImpl.connect(Unknown Source) ~[?:1.8.0_271]
	at java.net.PlainSocketImpl.connect(Unknown Source) ~[?:1.8.0_271]
	at java.net.SocksSocketImpl.connect(Unknown Source) ~[?:1.8.0_271]
	at java.net.Socket.connect(Unknown Source) ~[?:1.8.0_271]
	at java.net.Socket.connect(Unknown Source) ~[?:1.8.0_271]
	at kg.apc.perfmon.client.TransportFactory.TCPInstance(TransportFactory.java:91) ~[perfmon-2.2.2.jar:?]
	at kg.apc.jmeter.perfmon.PerfMonCollector.getConnector(PerfMonCollector.java:243) ~[jmeter-plugins-perfmon-2.1.jar:?]
	at kg.apc.jmeter.perfmon.PerfMonCollector.initiateConnector(PerfMonCollector.java:228) ~[jmeter-plugins-perfmon-2.1.jar:?]
	at kg.apc.jmeter.perfmon.PerfMonCollector.initiateConnectors(PerfMonCollector.java:175) ~[jmeter-plugins-perfmon-2.1.jar:?]
	at kg.apc.jmeter.perfmon.PerfMonCollector.testStarted(PerfMonCollector.java:126) ~[jmeter-plugins-perfmon-2.1.jar:?]
	at org.apache.jmeter.reporters.ResultCollector.testStarted(ResultCollector.java:350) ~[ApacheJMeter_core.jar:5.5]
	at kg.apc.jmeter.vizualizers.CorrectedResultCollector.testStarted(CorrectedResultCollector.java:28) ~[jmeter-plugins-cmn-jmeter-0.7.jar:?]
	at org.apache.jmeter.engine.StandardJMeterEngine.notifyTestListenersOfStart(StandardJMeterEngine.java:218) ~[ApacheJMeter_core.jar:5.5]
	at org.apache.jmeter.engine.StandardJMeterEngine.run(StandardJMeterEngine.java:396) ~[ApacheJMeter_core.jar:5.5]
	at java.lang.Thread.run(Unknown Source) ~[?:1.8.0_271]
2022-10-25 21:50:13,730 INFO k.a.j.p.PerfMonCollector: Can't connect TCP transport for host: localhost/127.0.0.1:8181
java.net.ConnectException: Connection refused: connect
	at java.net.DualStackPlainSocketImpl.connect0(Native Method) ~[?:1.8.0_271]
	at java.net.DualStackPlainSocketImpl.socketConnect(Unknown Source) ~[?:1.8.0_271]
	at java.net.AbstractPlainSocketImpl.doConnect(Unknown Source) ~[?:1.8.0_271]
	at java.net.AbstractPlainSocketImpl.connectToAddress(Unknown Source) ~[?:1.8.0_271]
	at java.net.AbstractPlainSocketImpl.connect(Unknown Source) ~[?:1.8.0_271]
	at java.net.PlainSocketImpl.connect(Unknown Source) ~[?:1.8.0_271]
	at java.net.SocksSocketImpl.connect(Unknown Source) ~[?:1.8.0_271]
	at java.net.Socket.connect(Unknown Source) ~[?:1.8.0_271]
	at java.net.Socket.connect(Unknown Source) ~[?:1.8.0_271]
	at kg.apc.perfmon.client.TransportFactory.TCPInstance(TransportFactory.java:91) ~[perfmon-2.2.2.jar:?]
	at kg.apc.jmeter.perfmon.PerfMonCollector.getConnector(PerfMonCollector.java:243) ~[jmeter-plugins-perfmon-2.1.jar:?]
	at kg.apc.jmeter.perfmon.PerfMonCollector.initiateConnector(PerfMonCollector.java:228) ~[jmeter-plugins-perfmon-2.1.jar:?]
	at kg.apc.jmeter.perfmon.PerfMonCollector.initiateConnectors(PerfMonCollector.java:175) ~[jmeter-plugins-perfmon-2.1.jar:?]
	at kg.apc.jmeter.perfmon.PerfMonCollector.testStarted(PerfMonCollector.java:126) ~[jmeter-plugins-perfmon-2.1.jar:?]
	at org.apache.jmeter.reporters.ResultCollector.testStarted(ResultCollector.java:350) ~[ApacheJMeter_core.jar:5.5]
	at kg.apc.jmeter.vizualizers.CorrectedResultCollector.testStarted(CorrectedResultCollector.java:28) ~[jmeter-plugins-cmn-jmeter-0.7.jar:?]
	at org.apache.jmeter.engine.StandardJMeterEngine.notifyTestListenersOfStart(StandardJMeterEngine.java:218) ~[ApacheJMeter_core.jar:5.5]
	at org.apache.jmeter.engine.StandardJMeterEngine.run(StandardJMeterEngine.java:396) ~[ApacheJMeter_core.jar:5.5]
	at java.lang.Thread.run(Unknown Source) ~[?:1.8.0_271]
2022-10-25 21:50:13,731 ERROR k.a.j.p.PerfMonCollector: Problems creating connector
java.net.ConnectException: Connection refused: connect
	at java.net.DualStackPlainSocketImpl.connect0(Native Method) ~[?:1.8.0_271]
	at java.net.DualStackPlainSocketImpl.socketConnect(Unknown Source) ~[?:1.8.0_271]
	at java.net.AbstractPlainSocketImpl.doConnect(Unknown Source) ~[?:1.8.0_271]
	at java.net.AbstractPlainSocketImpl.connectToAddress(Unknown Source) ~[?:1.8.0_271]
	at java.net.AbstractPlainSocketImpl.connect(Unknown Source) ~[?:1.8.0_271]
	at java.net.PlainSocketImpl.connect(Unknown Source) ~[?:1.8.0_271]
	at java.net.SocksSocketImpl.connect(Unknown Source) ~[?:1.8.0_271]
	at java.net.Socket.connect(Unknown Source) ~[?:1.8.0_271]
	at java.net.Socket.connect(Unknown Source) ~[?:1.8.0_271]
	at kg.apc.perfmon.client.TransportFactory.TCPInstance(TransportFactory.java:91) ~[perfmon-2.2.2.jar:?]
	at kg.apc.jmeter.perfmon.PerfMonCollector.getConnector(PerfMonCollector.java:243) ~[jmeter-plugins-perfmon-2.1.jar:?]
	at kg.apc.jmeter.perfmon.PerfMonCollector.initiateConnector(PerfMonCollector.java:228) ~[jmeter-plugins-perfmon-2.1.jar:?]
	at kg.apc.jmeter.perfmon.PerfMonCollector.initiateConnectors(PerfMonCollector.java:175) ~[jmeter-plugins-perfmon-2.1.jar:?]
	at kg.apc.jmeter.perfmon.PerfMonCollector.testStarted(PerfMonCollector.java:126) ~[jmeter-plugins-perfmon-2.1.jar:?]
	at org.apache.jmeter.reporters.ResultCollector.testStarted(ResultCollector.java:350) ~[ApacheJMeter_core.jar:5.5]
	at kg.apc.jmeter.vizualizers.CorrectedResultCollector.testStarted(CorrectedResultCollector.java:28) ~[jmeter-plugins-cmn-jmeter-0.7.jar:?]
	at org.apache.jmeter.engine.StandardJMeterEngine.notifyTestListenersOfStart(StandardJMeterEngine.java:218) ~[ApacheJMeter_core.jar:5.5]
	at org.apache.jmeter.engine.StandardJMeterEngine.run(StandardJMeterEngine.java:396) ~[ApacheJMeter_core.jar:5.5]
	at java.lang.Thread.run(Unknown Source) ~[?:1.8.0_271]
2022-10-25 21:50:13,734 INFO o.a.j.v.b.BackendListener: Backend Listener: Starting worker with class: class io.github.adrianmo.jmeter.backendlistener.azure.AzureBackendClient and queue capacity: 5000
2022-10-25 21:50:13,734 INFO o.a.j.v.b.BackendListener: Backend Listener: Started  worker with class: class io.github.adrianmo.jmeter.backendlistener.azure.AzureBackendClient
2022-10-25 21:50:13,744 ERROR o.a.j.JMeter: Uncaught exception in thread Thread[StandardJMeterEngine,6,main]
java.lang.IllegalStateException: Failed calling setupTest
	at org.apache.jmeter.visualizers.backend.BackendListener.testStarted(BackendListener.java:327) ~[ApacheJMeter_components.jar:5.5]
	at org.apache.jmeter.visualizers.backend.BackendListener.testStarted(BackendListener.java:280) ~[ApacheJMeter_components.jar:5.5]
	at org.apache.jmeter.engine.StandardJMeterEngine.notifyTestListenersOfStart(StandardJMeterEngine.java:218) ~[ApacheJMeter_core.jar:5.5]
	at org.apache.jmeter.engine.StandardJMeterEngine.run(StandardJMeterEngine.java:396) ~[ApacheJMeter_core.jar:5.5]
	at java.lang.Thread.run(Unknown Source) ~[?:1.8.0_271]
Caused by: java.lang.IllegalArgumentException: Invalid connection string
	at com.microsoft.applicationinsights.TelemetryConfiguration.setConnectionString(TelemetryConfiguration.java:237) ~[jmeter.backendlistener.azure-0.2.8.jar:?]
	at io.github.adrianmo.jmeter.backendlistener.azure.AzureBackendClient.setupTest(AzureBackendClient.java:161) ~[jmeter.backendlistener.azure-0.2.8.jar:?]
	at org.apache.jmeter.visualizers.backend.BackendListener.testStarted(BackendListener.java:325) ~[ApacheJMeter_components.jar:5.5]
	... 4 more
Caused by: com.microsoft.applicationinsights.internal.config.connection.InvalidConnectionStringException: Could not parse connection string.
	at com.microsoft.applicationinsights.internal.config.connection.ConnectionString.parseInto(ConnectionString.java:32) ~[jmeter.backendlistener.azure-0.2.8.jar:?]
	at com.microsoft.applicationinsights.TelemetryConfiguration.setConnectionString(TelemetryConfiguration.java:235) ~[jmeter.backendlistener.azure-0.2.8.jar:?]
	at io.github.adrianmo.jmeter.backendlistener.azure.AzureBackendClient.setupTest(AzureBackendClient.java:161) ~[jmeter.backendlistener.azure-0.2.8.jar:?]
	at org.apache.jmeter.visualizers.backend.BackendListener.testStarted(BackendListener.java:325) ~[ApacheJMeter_components.jar:5.5]
	... 4 more
2022-10-25 21:50:13,757 ERROR k.a.j.p.PerfMonCollector: Perfmon plugin error: java.net.ConnectException: Connection refused: connect
2022-10-25 21:50:13,758 ERROR k.a.j.p.PerfMonCollector: Perfmon plugin error: java.net.ConnectException: Connection refused: connect
2022-10-25 21:50:14,795 ERROR k.a.j.p.PerfMonCollector: Perfmon plugin error: java.net.ConnectException: Connection refused: connect
2022-10-25 21:50:14,796 ERROR k.a.j.p.PerfMonCollector: Perfmon plugin error: java.net.ConnectException: Connection refused: connect
2022-10-25 21:50:15,823 ERROR k.a.j.p.PerfMonCollector: Perfmon plugin error: java.net.ConnectException: Connection refused: connect
2022-10-25 21:50:15,839 ERROR k.a.j.p.PerfMonCollector: Perfmon plugin error: java.net.ConnectException: Connection refused: connect
2022-10-25 21:50:16,864 ERROR k.a.j.p.PerfMonCollector: Perfmon plugin error: java.net.ConnectException: Connection refused: connect
2022-10-25 21:50:16,865 ERROR k.a.j.p.PerfMonCollector: Perfmon plugin error: java.net.ConnectException: Connection refused: connect
2022-10-25 21:50:17,879 ERROR k.a.j.p.PerfMonCollector: Perfmon plugin error: java.net.ConnectException: Connection refused: connect
2022-10-25 21:50:17,880 ERROR k.a.j.p.PerfMonCollector: Perfmon plugin error: java.net.ConnectException: Connection refused: connect
2022-10-25 21:50:18,884 ERROR k.a.j.p.PerfMonCollector: Perfmon plugin error: java.net.ConnectException: Connection refused: connect
2022-10-25 21:50:18,887 ERROR k.a.j.p.PerfMonCollector: Perfmon plugin error: java.net.ConnectException: Connection refused: connect
2022-10-25 21:50:19,911 ERROR k.a.j.p.PerfMonCollector: Perfmon plugin error: java.net.ConnectException: Connection refused: connect
2022-10-25 21:50:19,926 ERROR k.a.j.p.PerfMonCollector: Perfmon plugin error: java.net.ConnectException: Connection refused: connect
2022-10-25 21:50:20,942 ERROR k.a.j.p.PerfMonCollector: Perfmon plugin error: java.net.ConnectException: Connection refused: connect
2022-10-25 21:50:20,943 ERROR k.a.j.p.PerfMonCollector: Perfmon plugin error: java.net.ConnectException: Connection refused: connect
2022-10-25 21:50:21,947 ERROR k.a.j.p.PerfMonCollector: Perfmon plugin error: java.net.ConnectException: Connection refused: connect
2022-10-25 21:50:21,949 ERROR k.a.j.p.PerfMonCollector: Perfmon plugin error: java.net.ConnectException: Connection refused: connect
2022-10-25 21:50:22,996 ERROR k.a.j.p.PerfMonCollector: Perfmon plugin error: java.net.ConnectException: Connection refused: connect
2022-10-25 21:50:22,998 ERROR k.a.j.p.PerfMonCollector: Perfmon plugin error: java.net.ConnectException: Connection refused: connect
2022-10-25 21:50:24,056 ERROR k.a.j.p.PerfMonCollector: Perfmon plugin error: java.net.ConnectException: Connection refused: connect
2022-10-25 21:50:24,057 ERROR k.a.j.p.PerfMonCollector: Perfmon plugin error: java.net.ConnectException: Connection refused: connect
2022-10-25 21:50:25,061 ERROR k.a.j.p.PerfMonCollector: Perfmon plugin error: java.net.ConnectException: Connection refused: connect
2022-10-25 21:50:25,062 ERROR k.a.j.p.PerfMonCollector: Perfmon plugin error: java.net.ConnectException: Connection refused: connect
2022-10-25 21:50:26,064 ERROR k.a.j.p.PerfMonCollector: Perfmon plugin error: java.net.ConnectException: Connection refused: connect
2022-10-25 21:50:26,066 ERROR k.a.j.p.PerfMonCollector: Perfmon plugin error: java.net.ConnectException: Connection refused: connect
2022-10-25 21:50:27,115 ERROR k.a.j.p.PerfMonCollector: Perfmon plugin error: java.net.ConnectException: Connection refused: connect
2022-10-25 21:50:27,161 ERROR k.a.j.p.PerfMonCollector: Perfmon plugin error: java.net.ConnectException: Connection refused: connect
2022-10-25 21:50:28,224 ERROR k.a.j.p.PerfMonCollector: Perfmon plugin error: java.net.ConnectException: Connection refused: connect
2022-10-25 21:50:28,226 ERROR k.a.j.p.PerfMonCollector: Perfmon plugin error: java.net.ConnectException: Connection refused: connect
2022-10-25 21:50:29,281 ERROR k.a.j.p.PerfMonCollector: Perfmon plugin error: java.net.ConnectException: Connection refused: connect
2022-10-25 21:50:29,283 ERROR k.a.j.p.PerfMonCollector: Perfmon plugin error: java.net.ConnectException: Connection refused: connect
2022-10-25 21:50:30,345 ERROR k.a.j.p.PerfMonCollector: Perfmon plugin error: java.net.ConnectException: Connection refused: connect
2022-10-25 21:50:30,347 ERROR k.a.j.p.PerfMonCollector: Perfmon plugin error: java.net.ConnectException: Connection refused: connect
2022-10-25 21:50:31,351 ERROR k.a.j.p.PerfMonCollector: Perfmon plugin error: java.net.ConnectException: Connection refused: connect
2022-10-25 21:50:31,354 ERROR k.a.j.p.PerfMonCollector: Perfmon plugin error: java.net.ConnectException: Connection refused: connect
2022-10-25 21:50:32,406 ERROR k.a.j.p.PerfMonCollector: Perfmon plugin error: java.net.ConnectException: Connection refused: connect
2022-10-25 21:50:32,454 ERROR k.a.j.p.PerfMonCollector: Perfmon plugin error: java.net.ConnectException: Connection refused: connect
2022-10-25 21:50:33,457 ERROR k.a.j.p.PerfMonCollector: Perfmon plugin error: java.net.ConnectException: Connection refused: connect
2022-10-25 21:50:33,507 ERROR k.a.j.p.PerfMonCollector: Perfmon plugin error: java.net.ConnectException: Connection refused: connect
2022-10-25 21:50:34,578 ERROR k.a.j.p.PerfMonCollector: Perfmon plugin error: java.net.ConnectException: Connection refused: connect
2022-10-25 21:50:34,580 ERROR k.a.j.p.PerfMonCollector: Perfmon plugin error: java.net.ConnectException: Connection refused: connect
2022-10-25 21:50:35,644 ERROR k.a.j.p.PerfMonCollector: Perfmon plugin error: java.net.ConnectException: Connection refused: connect
2022-10-25 21:50:35,645 ERROR k.a.j.p.PerfMonCollector: Perfmon plugin error: java.net.ConnectException: Connection refused: connect
2022-10-25 21:50:36,649 ERROR k.a.j.p.PerfMonCollector: Perfmon plugin error: java.net.ConnectException: Connection refused: connect
2022-10-25 21:50:36,651 ERROR k.a.j.p.PerfMonCollector: Perfmon plugin error: java.net.ConnectException: Connection refused: connect
2022-10-25 21:50:37,653 ERROR k.a.j.p.PerfMonCollector: Perfmon plugin error: java.net.ConnectException: Connection refused: connect
2022-10-25 21:50:37,722 ERROR k.a.j.p.PerfMonCollector: Perfmon plugin error: java.net.ConnectException: Connection refused: connect
2022-10-25 21:50:38,726 ERROR o.a.j.JMeter: Uncaught exception in thread Thread[Thread-18,6,main]
java.lang.NullPointerException: null
	at javax.swing.text.PlainView.calculateLongestLine(Unknown Source) ~[?:1.8.0_271]
	at javax.swing.text.PlainView.updateDamage(Unknown Source) ~[?:1.8.0_271]
	at javax.swing.text.PlainView.insertUpdate(Unknown Source) ~[?:1.8.0_271]
	at javax.swing.plaf.basic.BasicTextUI$RootView.insertUpdate(Unknown Source) ~[?:1.8.0_271]
	at javax.swing.plaf.basic.BasicTextUI$UpdateHandler.insertUpdate(Unknown Source) ~[?:1.8.0_271]
	at javax.swing.text.AbstractDocument.fireInsertUpdate(Unknown Source) ~[?:1.8.0_271]
	at javax.swing.text.AbstractDocument.handleInsertString(Unknown Source) ~[?:1.8.0_271]
	at javax.swing.text.AbstractDocument.insertString(Unknown Source) ~[?:1.8.0_271]
	at javax.swing.text.PlainDocument.insertString(Unknown Source) ~[?:1.8.0_271]
	at javax.swing.text.AbstractDocument.replace(Unknown Source) ~[?:1.8.0_271]
	at javax.swing.text.JTextComponent.setText(Unknown Source) ~[?:1.8.0_271]
	at kg.apc.jmeter.vizualizers.PerfMonGui.addErrorMessage(PerfMonGui.java:136) ~[jmeter-plugins-perfmon-2.1.jar:?]
	at kg.apc.jmeter.vizualizers.PerfMonGui.add(PerfMonGui.java:275) ~[jmeter-plugins-perfmon-2.1.jar:?]
	at org.apache.jmeter.reporters.ResultCollector.sendToVisualizer(ResultCollector.java:569) ~[ApacheJMeter_core.jar:5.5]
	at org.apache.jmeter.reporters.ResultCollector.sampleOccurred(ResultCollector.java:546) ~[ApacheJMeter_core.jar:5.5]
	at kg.apc.jmeter.perfmon.PerfMonCollector.generateErrorSample(PerfMonCollector.java:316) ~[jmeter-plugins-perfmon-2.1.jar:?]
	at kg.apc.jmeter.perfmon.UnavailableAgentConnector.generateSamples(UnavailableAgentConnector.java:40) ~[jmeter-plugins-perfmon-2.1.jar:?]
	at kg.apc.jmeter.perfmon.PerfMonCollector.processConnectors(PerfMonCollector.java:289) ~[jmeter-plugins-perfmon-2.1.jar:?]
	at kg.apc.jmeter.perfmon.PerfMonCollector.run(PerfMonCollector.java:79) ~[jmeter-plugins-perfmon-2.1.jar:?]
	at java.lang.Thread.run(Unknown Source) ~[?:1.8.0_271]
2022-10-25 21:51:53,554 INFO o.a.j.e.StandardJMeterEngine: Running the test!
2022-10-25 21:51:53,555 INFO o.a.j.s.SampleEvent: List of sample_variables: []
2022-10-25 21:51:53,560 INFO o.a.j.v.b.BackendListener: Backend Listener: Starting worker with class: class io.github.adrianmo.jmeter.backendlistener.azure.AzureBackendClient and queue capacity: 5000
2022-10-25 21:51:53,560 INFO o.a.j.v.b.BackendListener: Backend Listener: Started  worker with class: class io.github.adrianmo.jmeter.backendlistener.azure.AzureBackendClient
2022-10-25 21:51:53,567 ERROR o.a.j.JMeter: Uncaught exception in thread Thread[StandardJMeterEngine,6,main]
java.lang.IllegalStateException: Failed calling setupTest
	at org.apache.jmeter.visualizers.backend.BackendListener.testStarted(BackendListener.java:327) ~[ApacheJMeter_components.jar:5.5]
	at org.apache.jmeter.visualizers.backend.BackendListener.testStarted(BackendListener.java:280) ~[ApacheJMeter_components.jar:5.5]
	at org.apache.jmeter.engine.StandardJMeterEngine.notifyTestListenersOfStart(StandardJMeterEngine.java:218) ~[ApacheJMeter_core.jar:5.5]
	at org.apache.jmeter.engine.StandardJMeterEngine.run(StandardJMeterEngine.java:396) ~[ApacheJMeter_core.jar:5.5]
	at java.lang.Thread.run(Unknown Source) ~[?:1.8.0_271]
Caused by: java.lang.IllegalArgumentException: Invalid connection string
	at com.microsoft.applicationinsights.TelemetryConfiguration.setConnectionString(TelemetryConfiguration.java:237) ~[jmeter.backendlistener.azure-0.2.8.jar:?]
	at io.github.adrianmo.jmeter.backendlistener.azure.AzureBackendClient.setupTest(AzureBackendClient.java:161) ~[jmeter.backendlistener.azure-0.2.8.jar:?]
	at org.apache.jmeter.visualizers.backend.BackendListener.testStarted(BackendListener.java:325) ~[ApacheJMeter_components.jar:5.5]
	... 4 more
Caused by: com.microsoft.applicationinsights.internal.config.connection.InvalidConnectionStringException: Could not parse connection string.
	at com.microsoft.applicationinsights.internal.config.connection.ConnectionString.parseInto(ConnectionString.java:32) ~[jmeter.backendlistener.azure-0.2.8.jar:?]
	at com.microsoft.applicationinsights.TelemetryConfiguration.setConnectionString(TelemetryConfiguration.java:235) ~[jmeter.backendlistener.azure-0.2.8.jar:?]
	at io.github.adrianmo.jmeter.backendlistener.azure.AzureBackendClient.setupTest(AzureBackendClient.java:161) ~[jmeter.backendlistener.azure-0.2.8.jar:?]
	at org.apache.jmeter.visualizers.backend.BackendListener.testStarted(BackendListener.java:325) ~[ApacheJMeter_components.jar:5.5]
	... 4 more
2022-10-25 21:55:32,524 INFO o.a.j.e.StandardJMeterEngine: Running the test!
2022-10-25 21:55:32,524 INFO o.a.j.s.SampleEvent: List of sample_variables: []
2022-10-25 21:55:32,531 INFO o.a.j.v.b.BackendListener: Backend Listener: Starting worker with class: class io.github.adrianmo.jmeter.backendlistener.azure.AzureBackendClient and queue capacity: 5000
2022-10-25 21:55:32,531 INFO o.a.j.v.b.BackendListener: Backend Listener: Started  worker with class: class io.github.adrianmo.jmeter.backendlistener.azure.AzureBackendClient
2022-10-25 21:55:32,538 ERROR o.a.j.JMeter: Uncaught exception in thread Thread[StandardJMeterEngine,6,main]
java.lang.IllegalStateException: Failed calling setupTest
	at org.apache.jmeter.visualizers.backend.BackendListener.testStarted(BackendListener.java:327) ~[ApacheJMeter_components.jar:5.5]
	at org.apache.jmeter.visualizers.backend.BackendListener.testStarted(BackendListener.java:280) ~[ApacheJMeter_components.jar:5.5]
	at org.apache.jmeter.engine.StandardJMeterEngine.notifyTestListenersOfStart(StandardJMeterEngine.java:218) ~[ApacheJMeter_core.jar:5.5]
	at org.apache.jmeter.engine.StandardJMeterEngine.run(StandardJMeterEngine.java:396) ~[ApacheJMeter_core.jar:5.5]
	at java.lang.Thread.run(Unknown Source) ~[?:1.8.0_271]
Caused by: java.lang.IllegalArgumentException: Invalid connection string
	at com.microsoft.applicationinsights.TelemetryConfiguration.setConnectionString(TelemetryConfiguration.java:237) ~[jmeter.backendlistener.azure-0.2.8.jar:?]
	at io.github.adrianmo.jmeter.backendlistener.azure.AzureBackendClient.setupTest(AzureBackendClient.java:161) ~[jmeter.backendlistener.azure-0.2.8.jar:?]
	at org.apache.jmeter.visualizers.backend.BackendListener.testStarted(BackendListener.java:325) ~[ApacheJMeter_components.jar:5.5]
	... 4 more
Caused by: com.microsoft.applicationinsights.internal.config.connection.InvalidConnectionStringException: Could not parse connection string.
	at com.microsoft.applicationinsights.internal.config.connection.ConnectionString.parseInto(ConnectionString.java:32) ~[jmeter.backendlistener.azure-0.2.8.jar:?]
	at com.microsoft.applicationinsights.TelemetryConfiguration.setConnectionString(TelemetryConfiguration.java:235) ~[jmeter.backendlistener.azure-0.2.8.jar:?]
	at io.github.adrianmo.jmeter.backendlistener.azure.AzureBackendClient.setupTest(AzureBackendClient.java:161) ~[jmeter.backendlistener.azure-0.2.8.jar:?]
	at org.apache.jmeter.visualizers.backend.BackendListener.testStarted(BackendListener.java:325) ~[ApacheJMeter_components.jar:5.5]
	... 4 more
2022-10-25 21:55:48,913 INFO o.a.j.e.StandardJMeterEngine: Running the test!
2022-10-25 21:55:48,914 INFO o.a.j.s.SampleEvent: List of sample_variables: []
2022-10-25 21:55:48,922 INFO o.a.j.v.b.BackendListener: Backend Listener: Starting worker with class: class io.github.adrianmo.jmeter.backendlistener.azure.AzureBackendClient and queue capacity: 5000
2022-10-25 21:55:48,922 INFO o.a.j.v.b.BackendListener: Backend Listener: Started  worker with class: class io.github.adrianmo.jmeter.backendlistener.azure.AzureBackendClient
2022-10-25 21:55:48,930 ERROR o.a.j.JMeter: Uncaught exception in thread Thread[StandardJMeterEngine,6,main]
java.lang.IllegalStateException: Failed calling setupTest
	at org.apache.jmeter.visualizers.backend.BackendListener.testStarted(BackendListener.java:327) ~[ApacheJMeter_components.jar:5.5]
	at org.apache.jmeter.visualizers.backend.BackendListener.testStarted(BackendListener.java:280) ~[ApacheJMeter_components.jar:5.5]
	at org.apache.jmeter.engine.StandardJMeterEngine.notifyTestListenersOfStart(StandardJMeterEngine.java:218) ~[ApacheJMeter_core.jar:5.5]
	at org.apache.jmeter.engine.StandardJMeterEngine.run(StandardJMeterEngine.java:396) ~[ApacheJMeter_core.jar:5.5]
	at java.lang.Thread.run(Unknown Source) ~[?:1.8.0_271]
Caused by: java.lang.IllegalArgumentException: Invalid connection string
	at com.microsoft.applicationinsights.TelemetryConfiguration.setConnectionString(TelemetryConfiguration.java:237) ~[jmeter.backendlistener.azure-0.2.8.jar:?]
	at io.github.adrianmo.jmeter.backendlistener.azure.AzureBackendClient.setupTest(AzureBackendClient.java:161) ~[jmeter.backendlistener.azure-0.2.8.jar:?]
	at org.apache.jmeter.visualizers.backend.BackendListener.testStarted(BackendListener.java:325) ~[ApacheJMeter_components.jar:5.5]
	... 4 more
Caused by: com.microsoft.applicationinsights.internal.config.connection.InvalidConnectionStringException: Could not parse connection string.
	at com.microsoft.applicationinsights.internal.config.connection.ConnectionString.parseInto(ConnectionString.java:32) ~[jmeter.backendlistener.azure-0.2.8.jar:?]
	at com.microsoft.applicationinsights.TelemetryConfiguration.setConnectionString(TelemetryConfiguration.java:235) ~[jmeter.backendlistener.azure-0.2.8.jar:?]
	at io.github.adrianmo.jmeter.backendlistener.azure.AzureBackendClient.setupTest(AzureBackendClient.java:161) ~[jmeter.backendlistener.azure-0.2.8.jar:?]
	at org.apache.jmeter.visualizers.backend.BackendListener.testStarted(BackendListener.java:325) ~[ApacheJMeter_components.jar:5.5]
	... 4 more
2022-10-25 21:56:06,204 INFO o.a.j.e.StandardJMeterEngine: Running the test!
2022-10-25 21:56:06,205 INFO o.a.j.s.SampleEvent: List of sample_variables: []
2022-10-25 21:56:06,206 INFO o.a.j.v.b.BackendListener: Backend Listener: Starting worker with class: class io.github.adrianmo.jmeter.backendlistener.azure.AzureBackendClient and queue capacity: 5000
2022-10-25 21:56:06,206 INFO o.a.j.v.b.BackendListener: Backend Listener: Started  worker with class: class io.github.adrianmo.jmeter.backendlistener.azure.AzureBackendClient
2022-10-25 21:56:06,215 ERROR o.a.j.JMeter: Uncaught exception in thread Thread[StandardJMeterEngine,6,main]
java.lang.IllegalStateException: Failed calling setupTest
	at org.apache.jmeter.visualizers.backend.BackendListener.testStarted(BackendListener.java:327) ~[ApacheJMeter_components.jar:5.5]
	at org.apache.jmeter.visualizers.backend.BackendListener.testStarted(BackendListener.java:280) ~[ApacheJMeter_components.jar:5.5]
	at org.apache.jmeter.engine.StandardJMeterEngine.notifyTestListenersOfStart(StandardJMeterEngine.java:218) ~[ApacheJMeter_core.jar:5.5]
	at org.apache.jmeter.engine.StandardJMeterEngine.run(StandardJMeterEngine.java:396) ~[ApacheJMeter_core.jar:5.5]
	at java.lang.Thread.run(Unknown Source) ~[?:1.8.0_271]
Caused by: java.lang.IllegalArgumentException: Invalid connection string
	at com.microsoft.applicationinsights.TelemetryConfiguration.setConnectionString(TelemetryConfiguration.java:237) ~[jmeter.backendlistener.azure-0.2.8.jar:?]
	at io.github.adrianmo.jmeter.backendlistener.azure.AzureBackendClient.setupTest(AzureBackendClient.java:161) ~[jmeter.backendlistener.azure-0.2.8.jar:?]
	at org.apache.jmeter.visualizers.backend.BackendListener.testStarted(BackendListener.java:325) ~[ApacheJMeter_components.jar:5.5]
	... 4 more
Caused by: com.microsoft.applicationinsights.internal.config.connection.InvalidConnectionStringException: Could not parse connection string.
	at com.microsoft.applicationinsights.internal.config.connection.ConnectionString.parseInto(ConnectionString.java:32) ~[jmeter.backendlistener.azure-0.2.8.jar:?]
	at com.microsoft.applicationinsights.TelemetryConfiguration.setConnectionString(TelemetryConfiguration.java:235) ~[jmeter.backendlistener.azure-0.2.8.jar:?]
	at io.github.adrianmo.jmeter.backendlistener.azure.AzureBackendClient.setupTest(AzureBackendClient.java:161) ~[jmeter.backendlistener.azure-0.2.8.jar:?]
	at org.apache.jmeter.visualizers.backend.BackendListener.testStarted(BackendListener.java:325) ~[ApacheJMeter_components.jar:5.5]
	... 4 more
2022-10-25 21:56:52,290 INFO o.a.j.e.StandardJMeterEngine: Running the test!
2022-10-25 21:56:52,291 INFO o.a.j.s.SampleEvent: List of sample_variables: []
2022-10-25 21:56:52,291 INFO o.a.j.v.b.BackendListener: Backend Listener: Starting worker with class: class io.github.adrianmo.jmeter.backendlistener.azure.AzureBackendClient and queue capacity: 5000
2022-10-25 21:56:52,292 INFO o.a.j.v.b.BackendListener: Backend Listener: Started  worker with class: class io.github.adrianmo.jmeter.backendlistener.azure.AzureBackendClient
2022-10-25 21:56:52,299 ERROR o.a.j.JMeter: Uncaught exception in thread Thread[StandardJMeterEngine,6,main]
java.lang.IllegalStateException: Failed calling setupTest
	at org.apache.jmeter.visualizers.backend.BackendListener.testStarted(BackendListener.java:327) ~[ApacheJMeter_components.jar:5.5]
	at org.apache.jmeter.visualizers.backend.BackendListener.testStarted(BackendListener.java:280) ~[ApacheJMeter_components.jar:5.5]
	at org.apache.jmeter.engine.StandardJMeterEngine.notifyTestListenersOfStart(StandardJMeterEngine.java:218) ~[ApacheJMeter_core.jar:5.5]
	at org.apache.jmeter.engine.StandardJMeterEngine.run(StandardJMeterEngine.java:396) ~[ApacheJMeter_core.jar:5.5]
	at java.lang.Thread.run(Unknown Source) ~[?:1.8.0_271]
Caused by: java.lang.IllegalArgumentException: Invalid connection string
	at com.microsoft.applicationinsights.TelemetryConfiguration.setConnectionString(TelemetryConfiguration.java:237) ~[jmeter.backendlistener.azure-0.2.8.jar:?]
	at io.github.adrianmo.jmeter.backendlistener.azure.AzureBackendClient.setupTest(AzureBackendClient.java:161) ~[jmeter.backendlistener.azure-0.2.8.jar:?]
	at org.apache.jmeter.visualizers.backend.BackendListener.testStarted(BackendListener.java:325) ~[ApacheJMeter_components.jar:5.5]
	... 4 more
Caused by: com.microsoft.applicationinsights.internal.config.connection.InvalidConnectionStringException: Could not parse connection string.
	at com.microsoft.applicationinsights.internal.config.connection.ConnectionString.parseInto(ConnectionString.java:32) ~[jmeter.backendlistener.azure-0.2.8.jar:?]
	at com.microsoft.applicationinsights.TelemetryConfiguration.setConnectionString(TelemetryConfiguration.java:235) ~[jmeter.backendlistener.azure-0.2.8.jar:?]
	at io.github.adrianmo.jmeter.backendlistener.azure.AzureBackendClient.setupTest(AzureBackendClient.java:161) ~[jmeter.backendlistener.azure-0.2.8.jar:?]
	at org.apache.jmeter.visualizers.backend.BackendListener.testStarted(BackendListener.java:325) ~[ApacheJMeter_components.jar:5.5]
	... 4 more
